Using pre-set license
Built from '2020.3/staging' branch; Version is '2020.3.19f1 (68f137dc9bbe) revision 6877495'; Using compiler version '192528614'; Build Type 'Release'
OS: 'Windows 10 Home; OS build 19043.1288; Version 2009; 64bit' Language: 'de' Physical Memory: 49082 MB
BatchMode: 1, IsHumanControllingUs: 0, StartBugReporterOnCrash: 0, Is64bit: 1, IsPro: 0

COMMAND LINE ARGUMENTS:
F:\Unity_Installs\2020.3\Editor\Unity.exe
-adb2
-batchMode
-noUpm
-name
AssetImportWorker0
-projectPath
F:/Unity_Projects/WalkingSim
-logFile
Logs/AssetImportWorker0.log
-srvPort
50722
Successfully changed project path to: F:/Unity_Projects/WalkingSim
F:/Unity_Projects/WalkingSim
Using Asset Import Pipeline V2.
Refreshing native plugins compatible for Editor in 27.78 ms, found 2 plugins.
Preloading 0 native plugins for Editor in 0.00 ms.
Initialize engine version: 2020.3.19f1 (68f137dc9bbe)
[Subsystems] Discovering subsystems at path F:/Unity_Installs/2020.3/Editor/Data/Resources/UnitySubsystems
[Subsystems] Discovering subsystems at path F:/Unity_Projects/WalkingSim/Assets
GfxDevice: creating device client; threaded=0
Direct3D:
    Version:  Direct3D 11.0 [level 11.1]
    Renderer: NVIDIA GeForce GTX 1070 (ID=0x1b81)
    Vendor:   
    VRAM:     8088 MB
    Driver:   27.21.14.5671
Initialize mono
Mono path[0] = 'F:/Unity_Installs/2020.3/Editor/Data/Managed'
Mono path[1] = 'F:/Unity_Installs/2020.3/Editor/Data/MonoBleedingEdge/lib/mono/unityjit'
Mono config path = 'F:/Unity_Installs/2020.3/Editor/Data/MonoBleedingEdge/etc'
Using monoOptions --debugger-agent=transport=dt_socket,embedding=1,server=y,suspend=n,address=127.0.0.1:56124
Begin MonoManager ReloadAssembly
Registering precompiled unity dll's ...
Register platform support module: F:/Unity_Installs/2020.3/Editor/Data/PlaybackEngines/WindowsStandaloneSupport/UnityEditor.WindowsStandalone.Extensions.dll
Registered in 0.000951 seconds.
Native extension for WindowsStandalone target not found
Refreshing native plugins compatible for Editor in 25.18 ms, found 2 plugins.
Preloading 0 native plugins for Editor in 0.00 ms.
Mono: successfully reloaded assembly
- Completed reload, in  0.671 seconds
Domain Reload Profiling:
	ReloadAssembly (671ms)
		BeginReloadAssembly (38ms)
			ExecutionOrderSort (0ms)
			DisableScriptedObjects (0ms)
			BackupInstance (0ms)
			ReleaseScriptingObjects (0ms)
			CreateAndSetChildDomain (1ms)
		EndReloadAssembly (325ms)
			LoadAssemblies (38ms)
			RebuildTransferFunctionScriptingTraits (0ms)
			SetupTypeCache (124ms)
			ReleaseScriptCaches (0ms)
			RebuildScriptCaches (23ms)
			SetupLoadedEditorAssemblies (122ms)
				LogAssemblyErrors (0ms)
				InitializePlatformSupportModulesInManaged (3ms)
				SetLoadedEditorAssemblies (0ms)
				RefreshPlugins (25ms)
				BeforeProcessingInitializeOnLoad (10ms)
				ProcessInitializeOnLoadAttributes (63ms)
				ProcessInitializeOnLoadMethodAttributes (21ms)
				AfterProcessingInitializeOnLoad (0ms)
				EditorAssembliesLoaded (0ms)
			ExecutionOrderSort2 (0ms)
			AwakeInstancesAfterBackupRestoration (0ms)
Platform modules already initialized, skipping
Registering precompiled user dll's ...
Registered in 0.001590 seconds.
Begin MonoManager ReloadAssembly
Native extension for WindowsStandalone target not found
Refreshing native plugins compatible for Editor in 0.30 ms, found 2 plugins.
Preloading 0 native plugins for Editor in 0.00 ms.
Mono: successfully reloaded assembly
- Completed reload, in  0.770 seconds
Domain Reload Profiling:
	ReloadAssembly (771ms)
		BeginReloadAssembly (112ms)
			ExecutionOrderSort (0ms)
			DisableScriptedObjects (3ms)
			BackupInstance (0ms)
			ReleaseScriptingObjects (0ms)
			CreateAndSetChildDomain (16ms)
		EndReloadAssembly (613ms)
			LoadAssemblies (64ms)
			RebuildTransferFunctionScriptingTraits (0ms)
			SetupTypeCache (216ms)
			ReleaseScriptCaches (0ms)
			RebuildScriptCaches (32ms)
			SetupLoadedEditorAssemblies (227ms)
				LogAssemblyErrors (0ms)
				InitializePlatformSupportModulesInManaged (4ms)
				SetLoadedEditorAssemblies (0ms)
				RefreshPlugins (0ms)
				BeforeProcessingInitializeOnLoad (67ms)
				ProcessInitializeOnLoadAttributes (150ms)
				ProcessInitializeOnLoadMethodAttributes (4ms)
				AfterProcessingInitializeOnLoad (2ms)
				EditorAssembliesLoaded (0ms)
			ExecutionOrderSort2 (0ms)
			AwakeInstancesAfterBackupRestoration (5ms)
Platform modules already initialized, skipping
========================================================================
Worker process is ready to serve import requests
Launched and connected shader compiler UnityShaderCompiler.exe after 0.05 seconds
Refreshing native plugins compatible for Editor in 0.29 ms, found 2 plugins.
Preloading 0 native plugins for Editor in 0.00 ms.
Unloading 1533 Unused Serialized files (Serialized files now loaded: 0)
System memory in use before: 90.8 MB.
System memory in use after: 90.9 MB.

Unloading 16 unused Assets to reduce memory usage. Loaded Objects now: 1993.
Total: 2.218800 ms (FindLiveObjects: 0.149000 ms CreateObjectMapping: 0.047500 ms MarkObjects: 1.946900 ms  DeleteObjects: 0.074600 ms)

AssetImportParameters requested are different than current active one (requested -> active):
  custom:framework-win-MediaFoundation: 216162199b28c13a410421893ffa2e32 -> 
  custom:video-decoder-ogg-theora: a1e56fd34408186e4bbccfd4996cb3dc -> 
  custom:container-muxer-webm: aa71ff27fc2769a1b78a27578f13a17b -> 
  custom:container-demuxer-webm: 4f35f7cbe854078d1ac9338744f61a02 -> 
  custom:container-demuxer-ogg: 62fdf1f143b41e24485cea50d1cbac27 -> 
  custom:video-encoder-webm-vp8: eb34c28f22e8b96e1ab97ce403110664 -> 
  custom:video-codec-MediaFoundation-h265: 746d11721c4dcdbdad8f713fa42b33f4 -> 
  custom:video-decoder-webm-vp8: 9c59270c3fd7afecdb556c50c9e8de78 -> 
  custom:audio-decoder-ogg-vorbis: bf7c407c2cedff20999df2af8eb42d56 -> 
  custom:audio-encoder-webm-vorbis: bf7c407c2cedff20999df2af8eb42d56 -> 
========================================================================
Received Import Request.
  path: Assets/Tree 2.prefab
  artifactKey: Guid(ce107b8e23f24344d9fc57cb5e2a2f8b) Importer(815301076,1909f56bfc062723c751e8b465ee728b)
Start importing Assets/Tree 2.prefab using Guid(ce107b8e23f24344d9fc57cb5e2a2f8b) Importer(815301076,1909f56bfc062723c751e8b465ee728b)  -> (artifact id: 'bc900e123c3325fb9945a2e7820aa993') in 0.129868 seconds 
  Import took 0.132280 seconds .

========================================================================
Received Import Request.
  Time since last request: 252.202967 seconds.
  path: Assets/tex_birch_bark.png
  artifactKey: Guid(5afe0bd2ff6de6b4183e2880a0089969) Importer(815301076,1909f56bfc062723c751e8b465ee728b)
Start importing Assets/tex_birch_bark.png using Guid(5afe0bd2ff6de6b4183e2880a0089969) Importer(815301076,1909f56bfc062723c751e8b465ee728b)  -> (artifact id: '509d1a9b5c67dc467a43c6e6a27af8cd') in 0.048654 seconds 
  Import took 0.051323 seconds .

========================================================================
Received Import Request.
  Time since last request: 31.817546 seconds.
  path: Assets/birch_tree.prefab
  artifactKey: Guid(ce107b8e23f24344d9fc57cb5e2a2f8b) Importer(815301076,1909f56bfc062723c751e8b465ee728b)
Start importing Assets/birch_tree.prefab using Guid(ce107b8e23f24344d9fc57cb5e2a2f8b) Importer(815301076,1909f56bfc062723c751e8b465ee728b)  -> (artifact id: '5d4ef04bd788e50bbb63ef9f1e359c76') in 0.023099 seconds 
  Import took 0.025436 seconds .

========================================================================
Received Import Request.
  Time since last request: 9.792525 seconds.
  path: Assets/birch_tree.prefab
  artifactKey: Guid(ce107b8e23f24344d9fc57cb5e2a2f8b) Importer(815301076,1909f56bfc062723c751e8b465ee728b)
Start importing Assets/birch_tree.prefab using Guid(ce107b8e23f24344d9fc57cb5e2a2f8b) Importer(815301076,1909f56bfc062723c751e8b465ee728b)  -> (artifact id: 'd925990ded6dab007a7cde94fd512257') in 0.028635 seconds 
  Import took 0.031273 seconds .

========================================================================
Received Import Request.
  Time since last request: 27.421451 seconds.
  path: Assets/birch_tree.prefab
  artifactKey: Guid(ce107b8e23f24344d9fc57cb5e2a2f8b) Importer(815301076,1909f56bfc062723c751e8b465ee728b)
Start importing Assets/birch_tree.prefab using Guid(ce107b8e23f24344d9fc57cb5e2a2f8b) Importer(815301076,1909f56bfc062723c751e8b465ee728b)  -> (artifact id: '1e3f5b2b074df7536d2737763c5291d5') in 0.029882 seconds 
  Import took 0.033380 seconds .

========================================================================
Received Import Request.
  Time since last request: 3.510227 seconds.
  path: Assets/birch_tree.prefab
  artifactKey: Guid(ce107b8e23f24344d9fc57cb5e2a2f8b) Importer(815301076,1909f56bfc062723c751e8b465ee728b)
Start importing Assets/birch_tree.prefab using Guid(ce107b8e23f24344d9fc57cb5e2a2f8b) Importer(815301076,1909f56bfc062723c751e8b465ee728b)  -> (artifact id: '4e119d9fcfd6889cb92bd764b2a9da59') in 0.030016 seconds 
  Import took 0.033451 seconds .

========================================================================
Received Import Request.
  Time since last request: 11.683052 seconds.
  path: Assets/birch_tree.prefab
  artifactKey: Guid(ce107b8e23f24344d9fc57cb5e2a2f8b) Importer(815301076,1909f56bfc062723c751e8b465ee728b)
Start importing Assets/birch_tree.prefab using Guid(ce107b8e23f24344d9fc57cb5e2a2f8b) Importer(815301076,1909f56bfc062723c751e8b465ee728b)  -> (artifact id: '00b09da6e85e7bfd28b0f9214330b3de') in 0.022157 seconds 
  Import took 0.025304 seconds .

========================================================================
Received Import Request.
  Time since last request: 2.761172 seconds.
  path: Assets/birch_tree.prefab
  artifactKey: Guid(ce107b8e23f24344d9fc57cb5e2a2f8b) Importer(815301076,1909f56bfc062723c751e8b465ee728b)
Start importing Assets/birch_tree.prefab using Guid(ce107b8e23f24344d9fc57cb5e2a2f8b) Importer(815301076,1909f56bfc062723c751e8b465ee728b)  -> (artifact id: 'c1fde82ae64b3d9e212de7187c03e8e2') in 0.022950 seconds 
  Import took 0.025455 seconds .

========================================================================
Received Import Request.
  Time since last request: 8.279488 seconds.
  path: Assets/birch_tree.prefab
  artifactKey: Guid(ce107b8e23f24344d9fc57cb5e2a2f8b) Importer(815301076,1909f56bfc062723c751e8b465ee728b)
Start importing Assets/birch_tree.prefab using Guid(ce107b8e23f24344d9fc57cb5e2a2f8b) Importer(815301076,1909f56bfc062723c751e8b465ee728b)  -> (artifact id: 'c227f614b9c0b9545873ee7f6c11141e') in 0.024776 seconds 
  Import took 0.027486 seconds .

========================================================================
Received Import Request.
  Time since last request: 2.973208 seconds.
  path: Assets/birch_tree.prefab
  artifactKey: Guid(ce107b8e23f24344d9fc57cb5e2a2f8b) Importer(815301076,1909f56bfc062723c751e8b465ee728b)
Start importing Assets/birch_tree.prefab using Guid(ce107b8e23f24344d9fc57cb5e2a2f8b) Importer(815301076,1909f56bfc062723c751e8b465ee728b)  -> (artifact id: '2e7677b448f0edaf6fd24532d9182d1e') in 0.022343 seconds 
  Import took 0.024896 seconds .

========================================================================
Received Import Request.
  Time since last request: 2.556883 seconds.
  path: Assets/birch_tree.prefab
  artifactKey: Guid(ce107b8e23f24344d9fc57cb5e2a2f8b) Importer(815301076,1909f56bfc062723c751e8b465ee728b)
Start importing Assets/birch_tree.prefab using Guid(ce107b8e23f24344d9fc57cb5e2a2f8b) Importer(815301076,1909f56bfc062723c751e8b465ee728b)  -> (artifact id: 'f477c1c28b244103defbbd5c03b2292f') in 0.021523 seconds 
  Import took 0.024264 seconds .

========================================================================
Received Import Request.
  Time since last request: 3.204132 seconds.
  path: Assets/birch_tree.prefab
  artifactKey: Guid(ce107b8e23f24344d9fc57cb5e2a2f8b) Importer(815301076,1909f56bfc062723c751e8b465ee728b)
Start importing Assets/birch_tree.prefab using Guid(ce107b8e23f24344d9fc57cb5e2a2f8b) Importer(815301076,1909f56bfc062723c751e8b465ee728b)  -> (artifact id: '21831fe6b0e95189d29d72c592998369') in 0.025522 seconds 
  Import took 0.028310 seconds .

========================================================================
Received Import Request.
  Time since last request: 7.757177 seconds.
  path: Assets/birch_tree.prefab
  artifactKey: Guid(ce107b8e23f24344d9fc57cb5e2a2f8b) Importer(815301076,1909f56bfc062723c751e8b465ee728b)
Start importing Assets/birch_tree.prefab using Guid(ce107b8e23f24344d9fc57cb5e2a2f8b) Importer(815301076,1909f56bfc062723c751e8b465ee728b)  -> (artifact id: '93320bb460c095fb506a9abcacd5282d') in 0.028472 seconds 
  Import took 0.033477 seconds .

========================================================================
Received Import Request.
  Time since last request: 7.877337 seconds.
  path: Assets/birch_tree.prefab
  artifactKey: Guid(ce107b8e23f24344d9fc57cb5e2a2f8b) Importer(815301076,1909f56bfc062723c751e8b465ee728b)
Start importing Assets/birch_tree.prefab using Guid(ce107b8e23f24344d9fc57cb5e2a2f8b) Importer(815301076,1909f56bfc062723c751e8b465ee728b)  -> (artifact id: '0b0d75330cf8a1c410478f280e0c39f4') in 0.026308 seconds 
  Import took 0.029761 seconds .

========================================================================
Received Import Request.
  Time since last request: 48.021000 seconds.
  path: Assets/tex_birch_bark.png
  artifactKey: Guid(5afe0bd2ff6de6b4183e2880a0089969) Importer(815301076,1909f56bfc062723c751e8b465ee728b)
Start importing Assets/tex_birch_bark.png using Guid(5afe0bd2ff6de6b4183e2880a0089969) Importer(815301076,1909f56bfc062723c751e8b465ee728b)  -> (artifact id: '3d54ab0896d18379c3dec4219da71604') in 0.011154 seconds 
  Import took 0.013984 seconds .

========================================================================
Received Import Request.
  Time since last request: 11.918547 seconds.
  path: Assets/mat_birch_bark_main.mat
  artifactKey: Guid(18e35407312550a4392b6e0277ba7eb2) Importer(815301076,1909f56bfc062723c751e8b465ee728b)
Start importing Assets/mat_birch_bark_main.mat using Guid(18e35407312550a4392b6e0277ba7eb2) Importer(815301076,1909f56bfc062723c751e8b465ee728b)  -> (artifact id: '1872c0cd17df6a697f20e40769737faf') in 0.016724 seconds 
  Import took 0.020059 seconds .

========================================================================
Received Import Request.
  Time since last request: 8.416457 seconds.
  path: Assets/mat_birch_bark_branch.mat
  artifactKey: Guid(6e862f21713b3024cbe603fef5bac123) Importer(815301076,1909f56bfc062723c751e8b465ee728b)
Start importing Assets/mat_birch_bark_branch.mat using Guid(6e862f21713b3024cbe603fef5bac123) Importer(815301076,1909f56bfc062723c751e8b465ee728b)  -> (artifact id: '6e52e8ec759f5e7baef3e0569464dd0c') in 0.011484 seconds 
  Import took 0.014786 seconds .

========================================================================
Received Import Request.
  Time since last request: 2.580924 seconds.
  path: Assets/birch_tree_Textures/diffuse.png
  artifactKey: Guid(602d2e30a3925af41937ffb753bc7a79) Importer(815301076,1909f56bfc062723c751e8b465ee728b)
Start importing Assets/birch_tree_Textures/diffuse.png using Guid(602d2e30a3925af41937ffb753bc7a79) Importer(815301076,1909f56bfc062723c751e8b465ee728b)  -> (artifact id: '1ddc3204ca7aa9932aa03bedec720733') in 0.009306 seconds 
  Import took 0.012229 seconds .

========================================================================
Received Import Request.
  Time since last request: 0.000174 seconds.
  path: Assets/birch_tree_Textures/translucency_gloss.png
  artifactKey: Guid(816498a54ed50914bad5c9cc67990ea4) Importer(815301076,1909f56bfc062723c751e8b465ee728b)
Start importing Assets/birch_tree_Textures/translucency_gloss.png using Guid(816498a54ed50914bad5c9cc67990ea4) Importer(815301076,1909f56bfc062723c751e8b465ee728b)  -> (artifact id: 'cf413e57ff5b105554dcc97d2a46a688') in 0.009701 seconds 
  Import took 0.012972 seconds .

========================================================================
Received Import Request.
  Time since last request: 0.000266 seconds.
  path: Assets/Tree 2_Textures/normal_specular.png
  artifactKey: Guid(03840ce07758e6742a91f26e1379dfc1) Importer(815301076,1909f56bfc062723c751e8b465ee728b)
Start importing Assets/Tree 2_Textures/normal_specular.png using Guid(03840ce07758e6742a91f26e1379dfc1) Importer(815301076,1909f56bfc062723c751e8b465ee728b)  -> (artifact id: '7c81419cbf3f96ffdb983d5c07f0db34') in 0.010931 seconds 
  Import took 0.015737 seconds .

========================================================================
Received Import Request.
  Time since last request: 0.000236 seconds.
  path: Assets/Tree 2_Textures/translucency_gloss.png
  artifactKey: Guid(715e4004b10669b4992421d60102874e) Importer(815301076,1909f56bfc062723c751e8b465ee728b)
Start importing Assets/Tree 2_Textures/translucency_gloss.png using Guid(715e4004b10669b4992421d60102874e) Importer(815301076,1909f56bfc062723c751e8b465ee728b)  -> (artifact id: '66bd6b8a0ddabc14e4bcb028de220463') in 0.007570 seconds 
  Import took 0.010619 seconds .

========================================================================
Received Import Request.
  Time since last request: 0.000200 seconds.
  path: Assets/Tree 2_Textures/shadow.png
  artifactKey: Guid(3ba43cf1921abab48b644e1098e13ca8) Importer(815301076,1909f56bfc062723c751e8b465ee728b)
Start importing Assets/Tree 2_Textures/shadow.png using Guid(3ba43cf1921abab48b644e1098e13ca8) Importer(815301076,1909f56bfc062723c751e8b465ee728b)  -> (artifact id: 'ace6026ef5e5b1a487291bab5f77bee2') in 0.012162 seconds 
  Import took 0.015667 seconds .

========================================================================
Received Import Request.
  Time since last request: 0.000213 seconds.
  path: Assets/birch_tree_Textures/normal_specular.png
  artifactKey: Guid(5a72bfb5dfa548e40b6177c97679f24a) Importer(815301076,1909f56bfc062723c751e8b465ee728b)
Start importing Assets/birch_tree_Textures/normal_specular.png using Guid(5a72bfb5dfa548e40b6177c97679f24a) Importer(815301076,1909f56bfc062723c751e8b465ee728b)  -> (artifact id: 'c61397f53dfde48368ac3d2c9b0b2fd3') in 0.009633 seconds 
  Import took 0.013101 seconds .

========================================================================
Received Import Request.
  Time since last request: 0.000174 seconds.
  path: Assets/birch_tree_Textures/shadow.png
  artifactKey: Guid(cd6ab85e1f2265a4592d12d5041c6c94) Importer(815301076,1909f56bfc062723c751e8b465ee728b)
Start importing Assets/birch_tree_Textures/shadow.png using Guid(cd6ab85e1f2265a4592d12d5041c6c94) Importer(815301076,1909f56bfc062723c751e8b465ee728b)  -> (artifact id: '9c3cc527f151c5cf65ef7a001b76f211') in 0.008103 seconds 
  Import took 0.010880 seconds .

========================================================================
Received Import Request.
  Time since last request: 0.000175 seconds.
  path: Assets/Tree 2_Textures/diffuse.png
  artifactKey: Guid(5f534796f8fb0654b917b3b9a64b78e9) Importer(815301076,1909f56bfc062723c751e8b465ee728b)
Start importing Assets/Tree 2_Textures/diffuse.png using Guid(5f534796f8fb0654b917b3b9a64b78e9) Importer(815301076,1909f56bfc062723c751e8b465ee728b)  -> (artifact id: '8c86b9c4ef2eb87535fdbf185b97036c') in 0.008705 seconds 
  Import took 0.011252 seconds .

========================================================================
Received Import Request.
  Time since last request: 39.700366 seconds.
  path: Assets/birch_tree.prefab
  artifactKey: Guid(ce107b8e23f24344d9fc57cb5e2a2f8b) Importer(815301076,1909f56bfc062723c751e8b465ee728b)
Start importing Assets/birch_tree.prefab using Guid(ce107b8e23f24344d9fc57cb5e2a2f8b) Importer(815301076,1909f56bfc062723c751e8b465ee728b)  -> (artifact id: 'ce9456a60def7a8603857dd68bc2f567') in 0.021788 seconds 
  Import took 0.024683 seconds .

========================================================================
Received Import Request.
  Time since last request: 5.651623 seconds.
  path: Assets/birch_tree.prefab
  artifactKey: Guid(ce107b8e23f24344d9fc57cb5e2a2f8b) Importer(815301076,1909f56bfc062723c751e8b465ee728b)
Start importing Assets/birch_tree.prefab using Guid(ce107b8e23f24344d9fc57cb5e2a2f8b) Importer(815301076,1909f56bfc062723c751e8b465ee728b)  -> (artifact id: 'd48e25a476b0405ddcc0d6445492066f') in 0.023290 seconds 
  Import took 0.025996 seconds .

========================================================================
Received Import Request.
  Time since last request: 17.126863 seconds.
  path: Assets/birch_tree.prefab
  artifactKey: Guid(ce107b8e23f24344d9fc57cb5e2a2f8b) Importer(815301076,1909f56bfc062723c751e8b465ee728b)
Start importing Assets/birch_tree.prefab using Guid(ce107b8e23f24344d9fc57cb5e2a2f8b) Importer(815301076,1909f56bfc062723c751e8b465ee728b)  -> (artifact id: 'a5ab48b7e28166ee1d101ff06ab8fe97') in 0.023080 seconds 
  Import took 0.025978 seconds .

========================================================================
Received Import Request.
  Time since last request: 8.160741 seconds.
  path: Assets/birch_tree.prefab
  artifactKey: Guid(ce107b8e23f24344d9fc57cb5e2a2f8b) Importer(815301076,1909f56bfc062723c751e8b465ee728b)
Start importing Assets/birch_tree.prefab using Guid(ce107b8e23f24344d9fc57cb5e2a2f8b) Importer(815301076,1909f56bfc062723c751e8b465ee728b)  -> (artifact id: '2b0984419f550619243f9ce94a562565') in 0.027814 seconds 
  Import took 0.030620 seconds .

========================================================================
Received Import Request.
  Time since last request: 2.696418 seconds.
  path: Assets/birch_tree.prefab
  artifactKey: Guid(ce107b8e23f24344d9fc57cb5e2a2f8b) Importer(815301076,1909f56bfc062723c751e8b465ee728b)
Start importing Assets/birch_tree.prefab using Guid(ce107b8e23f24344d9fc57cb5e2a2f8b) Importer(815301076,1909f56bfc062723c751e8b465ee728b)  -> (artifact id: 'f9799e9d5f2f1f3c5b7cd30bccd401a7') in 0.024895 seconds 
  Import took 0.027721 seconds .

========================================================================
Received Import Request.
  Time since last request: 0.512879 seconds.
  path: Assets/birch_tree.prefab
  artifactKey: Guid(ce107b8e23f24344d9fc57cb5e2a2f8b) Importer(815301076,1909f56bfc062723c751e8b465ee728b)
Start importing Assets/birch_tree.prefab using Guid(ce107b8e23f24344d9fc57cb5e2a2f8b) Importer(815301076,1909f56bfc062723c751e8b465ee728b)  -> (artifact id: '84c93f0374187d091712c2bc9899963c') in 0.026136 seconds 
  Import took 0.028536 seconds .

========================================================================
Received Import Request.
  Time since last request: 0.491154 seconds.
  path: Assets/birch_tree.prefab
  artifactKey: Guid(ce107b8e23f24344d9fc57cb5e2a2f8b) Importer(815301076,1909f56bfc062723c751e8b465ee728b)
Start importing Assets/birch_tree.prefab using Guid(ce107b8e23f24344d9fc57cb5e2a2f8b) Importer(815301076,1909f56bfc062723c751e8b465ee728b)  -> (artifact id: '64494eaf6a76568a28f9fa09691c6643') in 0.023634 seconds 
  Import took 0.026047 seconds .

========================================================================
Received Import Request.
  Time since last request: 1.674786 seconds.
  path: Assets/birch_tree.prefab
  artifactKey: Guid(ce107b8e23f24344d9fc57cb5e2a2f8b) Importer(815301076,1909f56bfc062723c751e8b465ee728b)
Start importing Assets/birch_tree.prefab using Guid(ce107b8e23f24344d9fc57cb5e2a2f8b) Importer(815301076,1909f56bfc062723c751e8b465ee728b)  -> (artifact id: '806b026ca6a1751c4b4eb9ff7eefb47e') in 0.022984 seconds 
  Import took 0.025536 seconds .

========================================================================
Received Import Request.
  Time since last request: 0.661254 seconds.
  path: Assets/birch_tree.prefab
  artifactKey: Guid(ce107b8e23f24344d9fc57cb5e2a2f8b) Importer(815301076,1909f56bfc062723c751e8b465ee728b)
Start importing Assets/birch_tree.prefab using Guid(ce107b8e23f24344d9fc57cb5e2a2f8b) Importer(815301076,1909f56bfc062723c751e8b465ee728b)  -> (artifact id: '8c3bb19ea025cc4a1cdd3ac2453e7c51') in 0.023196 seconds 
  Import took 0.025939 seconds .

========================================================================
Received Import Request.
  Time since last request: 14.859069 seconds.
  path: Assets/birch_tree.prefab
  artifactKey: Guid(ce107b8e23f24344d9fc57cb5e2a2f8b) Importer(815301076,1909f56bfc062723c751e8b465ee728b)
Start importing Assets/birch_tree.prefab using Guid(ce107b8e23f24344d9fc57cb5e2a2f8b) Importer(815301076,1909f56bfc062723c751e8b465ee728b)  -> (artifact id: '9fbad74b80f327c3ee1bc807632ced82') in 0.025933 seconds 
  Import took 0.029182 seconds .

========================================================================
Received Import Request.
  Time since last request: 0.541621 seconds.
  path: Assets/birch_tree.prefab
  artifactKey: Guid(ce107b8e23f24344d9fc57cb5e2a2f8b) Importer(815301076,1909f56bfc062723c751e8b465ee728b)
Start importing Assets/birch_tree.prefab using Guid(ce107b8e23f24344d9fc57cb5e2a2f8b) Importer(815301076,1909f56bfc062723c751e8b465ee728b)  -> (artifact id: '4c62ab6d9db4b7a9251371296125c8fa') in 0.022146 seconds 
  Import took 0.024635 seconds .

========================================================================
Received Import Request.
  Time since last request: 0.863423 seconds.
  path: Assets/birch_tree.prefab
  artifactKey: Guid(ce107b8e23f24344d9fc57cb5e2a2f8b) Importer(815301076,1909f56bfc062723c751e8b465ee728b)
Start importing Assets/birch_tree.prefab using Guid(ce107b8e23f24344d9fc57cb5e2a2f8b) Importer(815301076,1909f56bfc062723c751e8b465ee728b)  -> (artifact id: '8da357eabc1c3ed9cfb15ee56844faff') in 0.022764 seconds 
  Import took 0.025329 seconds .

========================================================================
Received Import Request.
  Time since last request: 5.401238 seconds.
  path: Assets/birch_tree.prefab
  artifactKey: Guid(ce107b8e23f24344d9fc57cb5e2a2f8b) Importer(815301076,1909f56bfc062723c751e8b465ee728b)
Start importing Assets/birch_tree.prefab using Guid(ce107b8e23f24344d9fc57cb5e2a2f8b) Importer(815301076,1909f56bfc062723c751e8b465ee728b)  -> (artifact id: '4a42e4e4159ef4ed47517a7df5596d26') in 0.025862 seconds 
  Import took 0.029177 seconds .

========================================================================
Received Import Request.
  Time since last request: 1.341660 seconds.
  path: Assets/birch_tree.prefab
  artifactKey: Guid(ce107b8e23f24344d9fc57cb5e2a2f8b) Importer(815301076,1909f56bfc062723c751e8b465ee728b)
Start importing Assets/birch_tree.prefab using Guid(ce107b8e23f24344d9fc57cb5e2a2f8b) Importer(815301076,1909f56bfc062723c751e8b465ee728b)  -> (artifact id: '6d2b3cf85e2c414c2881bd86429db4ba') in 0.022666 seconds 
  Import took 0.025539 seconds .

========================================================================
Received Import Request.
  Time since last request: 0.502830 seconds.
  path: Assets/birch_tree.prefab
  artifactKey: Guid(ce107b8e23f24344d9fc57cb5e2a2f8b) Importer(815301076,1909f56bfc062723c751e8b465ee728b)
Start importing Assets/birch_tree.prefab using Guid(ce107b8e23f24344d9fc57cb5e2a2f8b) Importer(815301076,1909f56bfc062723c751e8b465ee728b)  -> (artifact id: '91eb852747ad8cdf665ea02108881b85') in 0.022325 seconds 
  Import took 0.024876 seconds .

========================================================================
Received Import Request.
  Time since last request: 1.855563 seconds.
  path: Assets/birch_tree.prefab
  artifactKey: Guid(ce107b8e23f24344d9fc57cb5e2a2f8b) Importer(815301076,1909f56bfc062723c751e8b465ee728b)
Start importing Assets/birch_tree.prefab using Guid(ce107b8e23f24344d9fc57cb5e2a2f8b) Importer(815301076,1909f56bfc062723c751e8b465ee728b)  -> (artifact id: 'a0249df11f1fa87f54c968b592f3646f') in 0.023113 seconds 
  Import took 0.025711 seconds .

========================================================================
Received Import Request.
  Time since last request: 5.167848 seconds.
  path: Assets/birch_tree.prefab
  artifactKey: Guid(ce107b8e23f24344d9fc57cb5e2a2f8b) Importer(815301076,1909f56bfc062723c751e8b465ee728b)
Start importing Assets/birch_tree.prefab using Guid(ce107b8e23f24344d9fc57cb5e2a2f8b) Importer(815301076,1909f56bfc062723c751e8b465ee728b)  -> (artifact id: 'ee233c8e838b67b16d4fb3666512a5ea') in 0.026025 seconds 
  Import took 0.029535 seconds .

========================================================================
Received Import Request.
  Time since last request: 3.720181 seconds.
  path: Assets/birch_tree.prefab
  artifactKey: Guid(ce107b8e23f24344d9fc57cb5e2a2f8b) Importer(815301076,1909f56bfc062723c751e8b465ee728b)
Start importing Assets/birch_tree.prefab using Guid(ce107b8e23f24344d9fc57cb5e2a2f8b) Importer(815301076,1909f56bfc062723c751e8b465ee728b)  -> (artifact id: '485c8ddebcdb8c5f6fe38e52db66945f') in 0.023186 seconds 
  Import took 0.025659 seconds .

========================================================================
Received Import Request.
  Time since last request: 2.175413 seconds.
  path: Assets/birch_tree.prefab
  artifactKey: Guid(ce107b8e23f24344d9fc57cb5e2a2f8b) Importer(815301076,1909f56bfc062723c751e8b465ee728b)
Start importing Assets/birch_tree.prefab using Guid(ce107b8e23f24344d9fc57cb5e2a2f8b) Importer(815301076,1909f56bfc062723c751e8b465ee728b)  -> (artifact id: 'ab98b3b6b349abf3b2e0cfd31b750da5') in 0.024430 seconds 
  Import took 0.027038 seconds .

========================================================================
Received Import Request.
  Time since last request: 5.286240 seconds.
  path: Assets/birch_tree.prefab
  artifactKey: Guid(ce107b8e23f24344d9fc57cb5e2a2f8b) Importer(815301076,1909f56bfc062723c751e8b465ee728b)
Start importing Assets/birch_tree.prefab using Guid(ce107b8e23f24344d9fc57cb5e2a2f8b) Importer(815301076,1909f56bfc062723c751e8b465ee728b)  -> (artifact id: 'cba93c200ca8af9160a0e89071a2c3bf') in 0.027926 seconds 
  Import took 0.030783 seconds .

========================================================================
Received Import Request.
  Time since last request: 7.923953 seconds.
  path: Assets/birch_tree.prefab
  artifactKey: Guid(ce107b8e23f24344d9fc57cb5e2a2f8b) Importer(815301076,1909f56bfc062723c751e8b465ee728b)
Start importing Assets/birch_tree.prefab using Guid(ce107b8e23f24344d9fc57cb5e2a2f8b) Importer(815301076,1909f56bfc062723c751e8b465ee728b)  -> (artifact id: 'a431f8fab86f0cacb39ecaca260dbc08') in 0.025895 seconds 
  Import took 0.028287 seconds .

========================================================================
Received Import Request.
  Time since last request: 1.475190 seconds.
  path: Assets/birch_tree.prefab
  artifactKey: Guid(ce107b8e23f24344d9fc57cb5e2a2f8b) Importer(815301076,1909f56bfc062723c751e8b465ee728b)
Start importing Assets/birch_tree.prefab using Guid(ce107b8e23f24344d9fc57cb5e2a2f8b) Importer(815301076,1909f56bfc062723c751e8b465ee728b)  -> (artifact id: '8f34c13653eef22f9ae6c3ceff6b0225') in 0.028743 seconds 
  Import took 0.031212 seconds .

========================================================================
Received Import Request.
  Time since last request: 0.767008 seconds.
  path: Assets/birch_tree.prefab
  artifactKey: Guid(ce107b8e23f24344d9fc57cb5e2a2f8b) Importer(815301076,1909f56bfc062723c751e8b465ee728b)
Start importing Assets/birch_tree.prefab using Guid(ce107b8e23f24344d9fc57cb5e2a2f8b) Importer(815301076,1909f56bfc062723c751e8b465ee728b)  -> (artifact id: '046a8b9f4c3dde8e12d8ed76b95e2333') in 0.026025 seconds 
  Import took 0.028487 seconds .

========================================================================
Received Import Request.
  Time since last request: 6.983903 seconds.
  path: Assets/birch_tree.prefab
  artifactKey: Guid(ce107b8e23f24344d9fc57cb5e2a2f8b) Importer(815301076,1909f56bfc062723c751e8b465ee728b)
Start importing Assets/birch_tree.prefab using Guid(ce107b8e23f24344d9fc57cb5e2a2f8b) Importer(815301076,1909f56bfc062723c751e8b465ee728b)  -> (artifact id: '3656179529137e03c01b814d1b0fda62') in 0.028839 seconds 
  Import took 0.032035 seconds .

========================================================================
Received Import Request.
  Time since last request: 8.817204 seconds.
  path: Assets/birch_tree.prefab
  artifactKey: Guid(ce107b8e23f24344d9fc57cb5e2a2f8b) Importer(815301076,1909f56bfc062723c751e8b465ee728b)
Start importing Assets/birch_tree.prefab using Guid(ce107b8e23f24344d9fc57cb5e2a2f8b) Importer(815301076,1909f56bfc062723c751e8b465ee728b)  -> (artifact id: '215d33056505e80a949eb46af1f394c8') in 0.025008 seconds 
  Import took 0.028286 seconds .

========================================================================
Received Import Request.
  Time since last request: 3.547874 seconds.
  path: Assets/birch_tree.prefab
  artifactKey: Guid(ce107b8e23f24344d9fc57cb5e2a2f8b) Importer(815301076,1909f56bfc062723c751e8b465ee728b)
Start importing Assets/birch_tree.prefab using Guid(ce107b8e23f24344d9fc57cb5e2a2f8b) Importer(815301076,1909f56bfc062723c751e8b465ee728b)  -> (artifact id: '449371a09c3d91d7e791f25c53333b8a') in 0.027605 seconds 
  Import took 0.030574 seconds .

========================================================================
Received Import Request.
  Time since last request: 1.178502 seconds.
  path: Assets/birch_tree.prefab
  artifactKey: Guid(ce107b8e23f24344d9fc57cb5e2a2f8b) Importer(815301076,1909f56bfc062723c751e8b465ee728b)
Start importing Assets/birch_tree.prefab using Guid(ce107b8e23f24344d9fc57cb5e2a2f8b) Importer(815301076,1909f56bfc062723c751e8b465ee728b)  -> (artifact id: '3ace7aa70c1ef3b5dd8e2150872409ae') in 0.023786 seconds 
  Import took 0.026531 seconds .

========================================================================
Received Import Request.
  Time since last request: 4.119597 seconds.
  path: Assets/birch_tree.prefab
  artifactKey: Guid(ce107b8e23f24344d9fc57cb5e2a2f8b) Importer(815301076,1909f56bfc062723c751e8b465ee728b)
Start importing Assets/birch_tree.prefab using Guid(ce107b8e23f24344d9fc57cb5e2a2f8b) Importer(815301076,1909f56bfc062723c751e8b465ee728b)  -> (artifact id: 'bf6320feaa5be22eda95e5e914eff2b0') in 0.030473 seconds 
  Import took 0.033243 seconds .

========================================================================
Received Import Request.
  Time since last request: 15.902916 seconds.
  path: Assets/birch_tree.prefab
  artifactKey: Guid(ce107b8e23f24344d9fc57cb5e2a2f8b) Importer(815301076,1909f56bfc062723c751e8b465ee728b)
Start importing Assets/birch_tree.prefab using Guid(ce107b8e23f24344d9fc57cb5e2a2f8b) Importer(815301076,1909f56bfc062723c751e8b465ee728b)  -> (artifact id: '6903a66b26c8a757a5afbc6d1213ba16') in 0.027984 seconds 
  Import took 0.031370 seconds .

========================================================================
Received Import Request.
  Time since last request: 3.456113 seconds.
  path: Assets/birch_tree.prefab
  artifactKey: Guid(ce107b8e23f24344d9fc57cb5e2a2f8b) Importer(815301076,1909f56bfc062723c751e8b465ee728b)
Start importing Assets/birch_tree.prefab using Guid(ce107b8e23f24344d9fc57cb5e2a2f8b) Importer(815301076,1909f56bfc062723c751e8b465ee728b)  -> (artifact id: 'e047e24a2125d179224caca29b99b498') in 0.026323 seconds 
  Import took 0.028753 seconds .

========================================================================
Received Import Request.
  Time since last request: 17.112186 seconds.
  path: Assets/birch_tree.prefab
  artifactKey: Guid(ce107b8e23f24344d9fc57cb5e2a2f8b) Importer(815301076,1909f56bfc062723c751e8b465ee728b)
Start importing Assets/birch_tree.prefab using Guid(ce107b8e23f24344d9fc57cb5e2a2f8b) Importer(815301076,1909f56bfc062723c751e8b465ee728b)  -> (artifact id: '898537d2b522b9fb46704c64166381ec') in 0.024945 seconds 
  Import took 0.027683 seconds .

========================================================================
Received Import Request.
  Time since last request: 8.488662 seconds.
  path: Assets/birch_tree.prefab
  artifactKey: Guid(ce107b8e23f24344d9fc57cb5e2a2f8b) Importer(815301076,1909f56bfc062723c751e8b465ee728b)
Start importing Assets/birch_tree.prefab using Guid(ce107b8e23f24344d9fc57cb5e2a2f8b) Importer(815301076,1909f56bfc062723c751e8b465ee728b)  -> (artifact id: 'a317e58c5d6ae2bd78f7700682657da8') in 0.028034 seconds 
  Import took 0.031534 seconds .

========================================================================
Received Import Request.
  Time since last request: 1.355784 seconds.
  path: Assets/birch_tree.prefab
  artifactKey: Guid(ce107b8e23f24344d9fc57cb5e2a2f8b) Importer(815301076,1909f56bfc062723c751e8b465ee728b)
Start importing Assets/birch_tree.prefab using Guid(ce107b8e23f24344d9fc57cb5e2a2f8b) Importer(815301076,1909f56bfc062723c751e8b465ee728b)  -> (artifact id: '0c78024031d5e533858f283063b24b70') in 0.026550 seconds 
  Import took 0.029195 seconds .

========================================================================
Received Import Request.
  Time since last request: 1.866421 seconds.
  path: Assets/birch_tree.prefab
  artifactKey: Guid(ce107b8e23f24344d9fc57cb5e2a2f8b) Importer(815301076,1909f56bfc062723c751e8b465ee728b)
Start importing Assets/birch_tree.prefab using Guid(ce107b8e23f24344d9fc57cb5e2a2f8b) Importer(815301076,1909f56bfc062723c751e8b465ee728b)  -> (artifact id: 'b10dae9b0c8714e71f4fd4ae7482c562') in 0.023878 seconds 
  Import took 0.026626 seconds .

========================================================================
Received Import Request.
  Time since last request: 2.939871 seconds.
  path: Assets/birch_tree.prefab
  artifactKey: Guid(ce107b8e23f24344d9fc57cb5e2a2f8b) Importer(815301076,1909f56bfc062723c751e8b465ee728b)
Start importing Assets/birch_tree.prefab using Guid(ce107b8e23f24344d9fc57cb5e2a2f8b) Importer(815301076,1909f56bfc062723c751e8b465ee728b)  -> (artifact id: '46af5d0dd375443248f1cdf1c3006107') in 0.029800 seconds 
  Import took 0.033078 seconds .

========================================================================
Received Import Request.
  Time since last request: 2.631403 seconds.
  path: Assets/birch_tree.prefab
  artifactKey: Guid(ce107b8e23f24344d9fc57cb5e2a2f8b) Importer(815301076,1909f56bfc062723c751e8b465ee728b)
Start importing Assets/birch_tree.prefab using Guid(ce107b8e23f24344d9fc57cb5e2a2f8b) Importer(815301076,1909f56bfc062723c751e8b465ee728b)  -> (artifact id: '6616b89b37ba682813f3de1084dc25a4') in 0.023785 seconds 
  Import took 0.026681 seconds .

========================================================================
Received Import Request.
  Time since last request: 3.821595 seconds.
  path: Assets/birch_tree.prefab
  artifactKey: Guid(ce107b8e23f24344d9fc57cb5e2a2f8b) Importer(815301076,1909f56bfc062723c751e8b465ee728b)
Start importing Assets/birch_tree.prefab using Guid(ce107b8e23f24344d9fc57cb5e2a2f8b) Importer(815301076,1909f56bfc062723c751e8b465ee728b)  -> (artifact id: '079bd283f1bfb635e19d5b8d6d33c710') in 0.028430 seconds 
  Import took 0.031581 seconds .

========================================================================
Received Import Request.
  Time since last request: 3.374893 seconds.
  path: Assets/birch_tree.prefab
  artifactKey: Guid(ce107b8e23f24344d9fc57cb5e2a2f8b) Importer(815301076,1909f56bfc062723c751e8b465ee728b)
Start importing Assets/birch_tree.prefab using Guid(ce107b8e23f24344d9fc57cb5e2a2f8b) Importer(815301076,1909f56bfc062723c751e8b465ee728b)  -> (artifact id: 'afda36633b9cea475da271ccfeb57ffb') in 0.025810 seconds 
  Import took 0.028485 seconds .

========================================================================
Received Import Request.
  Time since last request: 1.661188 seconds.
  path: Assets/birch_tree.prefab
  artifactKey: Guid(ce107b8e23f24344d9fc57cb5e2a2f8b) Importer(815301076,1909f56bfc062723c751e8b465ee728b)
Start importing Assets/birch_tree.prefab using Guid(ce107b8e23f24344d9fc57cb5e2a2f8b) Importer(815301076,1909f56bfc062723c751e8b465ee728b)  -> (artifact id: '98d9ae11ceac4730157194b85922adac') in 0.026243 seconds 
  Import took 0.028783 seconds .

========================================================================
Received Import Request.
  Time since last request: 1.548615 seconds.
  path: Assets/birch_tree.prefab
  artifactKey: Guid(ce107b8e23f24344d9fc57cb5e2a2f8b) Importer(815301076,1909f56bfc062723c751e8b465ee728b)
Start importing Assets/birch_tree.prefab using Guid(ce107b8e23f24344d9fc57cb5e2a2f8b) Importer(815301076,1909f56bfc062723c751e8b465ee728b)  -> (artifact id: '37cdd62d741612c911e5e442f9c17830') in 0.024679 seconds 
  Import took 0.027239 seconds .

========================================================================
Received Import Request.
  Time since last request: 5.051592 seconds.
  path: Assets/birch_tree.prefab
  artifactKey: Guid(ce107b8e23f24344d9fc57cb5e2a2f8b) Importer(815301076,1909f56bfc062723c751e8b465ee728b)
Start importing Assets/birch_tree.prefab using Guid(ce107b8e23f24344d9fc57cb5e2a2f8b) Importer(815301076,1909f56bfc062723c751e8b465ee728b)  -> (artifact id: '0a9d95170fc5a584d23ae1411c6f6c04') in 0.027699 seconds 
  Import took 0.031036 seconds .

========================================================================
Received Import Request.
  Time since last request: 7.228555 seconds.
  path: Assets/birch_tree.prefab
  artifactKey: Guid(ce107b8e23f24344d9fc57cb5e2a2f8b) Importer(815301076,1909f56bfc062723c751e8b465ee728b)
Start importing Assets/birch_tree.prefab using Guid(ce107b8e23f24344d9fc57cb5e2a2f8b) Importer(815301076,1909f56bfc062723c751e8b465ee728b)  -> (artifact id: '7997eb062d0f12ad620b54728db0849f') in 0.031156 seconds 
  Import took 0.034195 seconds .

========================================================================
Received Import Request.
  Time since last request: 4.909682 seconds.
  path: Assets/birch_tree.prefab
  artifactKey: Guid(ce107b8e23f24344d9fc57cb5e2a2f8b) Importer(815301076,1909f56bfc062723c751e8b465ee728b)
Start importing Assets/birch_tree.prefab using Guid(ce107b8e23f24344d9fc57cb5e2a2f8b) Importer(815301076,1909f56bfc062723c751e8b465ee728b)  -> (artifact id: 'ff984c4d034123a1e5e685069d71a907') in 0.031336 seconds 
  Import took 0.036199 seconds .

========================================================================
Received Import Request.
  Time since last request: 2.119374 seconds.
  path: Assets/birch_tree.prefab
  artifactKey: Guid(ce107b8e23f24344d9fc57cb5e2a2f8b) Importer(815301076,1909f56bfc062723c751e8b465ee728b)
Start importing Assets/birch_tree.prefab using Guid(ce107b8e23f24344d9fc57cb5e2a2f8b) Importer(815301076,1909f56bfc062723c751e8b465ee728b)  -> (artifact id: '0226ec9de1fdab053d36adf38579f5bc') in 0.025305 seconds 
  Import took 0.027988 seconds .

========================================================================
Received Import Request.
  Time since last request: 9.650222 seconds.
  path: Assets/birch_tree.prefab
  artifactKey: Guid(ce107b8e23f24344d9fc57cb5e2a2f8b) Importer(815301076,1909f56bfc062723c751e8b465ee728b)
Start importing Assets/birch_tree.prefab using Guid(ce107b8e23f24344d9fc57cb5e2a2f8b) Importer(815301076,1909f56bfc062723c751e8b465ee728b)  -> (artifact id: '6e042e0ba7dbd51cc8c2fa3b8c313e93') in 0.028006 seconds 
  Import took 0.031393 seconds .

========================================================================
Received Import Request.
  Time since last request: 7.084011 seconds.
  path: Assets/birch_tree.prefab
  artifactKey: Guid(ce107b8e23f24344d9fc57cb5e2a2f8b) Importer(815301076,1909f56bfc062723c751e8b465ee728b)
Start importing Assets/birch_tree.prefab using Guid(ce107b8e23f24344d9fc57cb5e2a2f8b) Importer(815301076,1909f56bfc062723c751e8b465ee728b)  -> (artifact id: '063cd6f7999916721170d0a69fb21feb') in 0.024443 seconds 
  Import took 0.026968 seconds .

========================================================================
Received Import Request.
  Time since last request: 7.056054 seconds.
  path: Assets/birch_tree.prefab
  artifactKey: Guid(ce107b8e23f24344d9fc57cb5e2a2f8b) Importer(815301076,1909f56bfc062723c751e8b465ee728b)
Start importing Assets/birch_tree.prefab using Guid(ce107b8e23f24344d9fc57cb5e2a2f8b) Importer(815301076,1909f56bfc062723c751e8b465ee728b)  -> (artifact id: 'd076d728fe3427794b346aa83c3a35c2') in 0.031110 seconds 
  Import took 0.033905 seconds .

========================================================================
Received Import Request.
  Time since last request: 8.810229 seconds.
  path: Assets/birch_tree.prefab
  artifactKey: Guid(ce107b8e23f24344d9fc57cb5e2a2f8b) Importer(815301076,1909f56bfc062723c751e8b465ee728b)
Start importing Assets/birch_tree.prefab using Guid(ce107b8e23f24344d9fc57cb5e2a2f8b) Importer(815301076,1909f56bfc062723c751e8b465ee728b)  -> (artifact id: '9a2ff6d973b222ad8e134c5ea099f0cb') in 0.030527 seconds 
  Import took 0.034010 seconds .

========================================================================
Received Import Request.
  Time since last request: 4.306711 seconds.
  path: Assets/birch_tree.prefab
  artifactKey: Guid(ce107b8e23f24344d9fc57cb5e2a2f8b) Importer(815301076,1909f56bfc062723c751e8b465ee728b)
Start importing Assets/birch_tree.prefab using Guid(ce107b8e23f24344d9fc57cb5e2a2f8b) Importer(815301076,1909f56bfc062723c751e8b465ee728b)  -> (artifact id: 'd9d5930b8abe751fb9edaf82bd0a9a0f') in 0.032694 seconds 
  Import took 0.035892 seconds .

========================================================================
Received Import Request.
  Time since last request: 4.516281 seconds.
  path: Assets/birch_tree.prefab
  artifactKey: Guid(ce107b8e23f24344d9fc57cb5e2a2f8b) Importer(815301076,1909f56bfc062723c751e8b465ee728b)
Start importing Assets/birch_tree.prefab using Guid(ce107b8e23f24344d9fc57cb5e2a2f8b) Importer(815301076,1909f56bfc062723c751e8b465ee728b)  -> (artifact id: 'ef53968c10d54e91d4db1a388fcc9f14') in 0.030048 seconds 
  Import took 0.033059 seconds .

========================================================================
Received Import Request.
  Time since last request: 6.267544 seconds.
  path: Assets/birch_tree.prefab
  artifactKey: Guid(ce107b8e23f24344d9fc57cb5e2a2f8b) Importer(815301076,1909f56bfc062723c751e8b465ee728b)
Start importing Assets/birch_tree.prefab using Guid(ce107b8e23f24344d9fc57cb5e2a2f8b) Importer(815301076,1909f56bfc062723c751e8b465ee728b)  -> (artifact id: 'f8a53c84dbc71d1f6afe65bde7eca57f') in 0.027863 seconds 
  Import took 0.031401 seconds .

========================================================================
Received Import Request.
  Time since last request: 6.736290 seconds.
  path: Assets/birch_tree.prefab
  artifactKey: Guid(ce107b8e23f24344d9fc57cb5e2a2f8b) Importer(815301076,1909f56bfc062723c751e8b465ee728b)
Start importing Assets/birch_tree.prefab using Guid(ce107b8e23f24344d9fc57cb5e2a2f8b) Importer(815301076,1909f56bfc062723c751e8b465ee728b)  -> (artifact id: 'cda881dbe994567680059793366172be') in 0.027440 seconds 
  Import took 0.030344 seconds .

========================================================================
Received Import Request.
  Time since last request: 1.189936 seconds.
  path: Assets/birch_tree.prefab
  artifactKey: Guid(ce107b8e23f24344d9fc57cb5e2a2f8b) Importer(815301076,1909f56bfc062723c751e8b465ee728b)
Start importing Assets/birch_tree.prefab using Guid(ce107b8e23f24344d9fc57cb5e2a2f8b) Importer(815301076,1909f56bfc062723c751e8b465ee728b)  -> (artifact id: '15eb9293f871f08d9f61280a986f0d7c') in 0.023801 seconds 
  Import took 0.026771 seconds .

========================================================================
Received Import Request.
  Time since last request: 4.210054 seconds.
  path: Assets/birch_tree.prefab
  artifactKey: Guid(ce107b8e23f24344d9fc57cb5e2a2f8b) Importer(815301076,1909f56bfc062723c751e8b465ee728b)
Start importing Assets/birch_tree.prefab using Guid(ce107b8e23f24344d9fc57cb5e2a2f8b) Importer(815301076,1909f56bfc062723c751e8b465ee728b)  -> (artifact id: '067eab4ba49dc43e15bdda9b204236e7') in 0.030968 seconds 
  Import took 0.034372 seconds .

========================================================================
Received Import Request.
  Time since last request: 1.504235 seconds.
  path: Assets/birch_tree.prefab
  artifactKey: Guid(ce107b8e23f24344d9fc57cb5e2a2f8b) Importer(815301076,1909f56bfc062723c751e8b465ee728b)
Start importing Assets/birch_tree.prefab using Guid(ce107b8e23f24344d9fc57cb5e2a2f8b) Importer(815301076,1909f56bfc062723c751e8b465ee728b)  -> (artifact id: 'd43dfea95362207bd9e21be1131ab9c5') in 0.022945 seconds 
  Import took 0.025513 seconds .

========================================================================
Received Import Request.
  Time since last request: 3.636359 seconds.
  path: Assets/birch_tree.prefab
  artifactKey: Guid(ce107b8e23f24344d9fc57cb5e2a2f8b) Importer(815301076,1909f56bfc062723c751e8b465ee728b)
Start importing Assets/birch_tree.prefab using Guid(ce107b8e23f24344d9fc57cb5e2a2f8b) Importer(815301076,1909f56bfc062723c751e8b465ee728b)  -> (artifact id: '536b85b03cfcae5998642ccd2a4c892d') in 0.026032 seconds 
  Import took 0.028994 seconds .

========================================================================
Received Import Request.
  Time since last request: 0.623669 seconds.
  path: Assets/birch_tree.prefab
  artifactKey: Guid(ce107b8e23f24344d9fc57cb5e2a2f8b) Importer(815301076,1909f56bfc062723c751e8b465ee728b)
Start importing Assets/birch_tree.prefab using Guid(ce107b8e23f24344d9fc57cb5e2a2f8b) Importer(815301076,1909f56bfc062723c751e8b465ee728b)  -> (artifact id: 'e812cfc0e9de2f96744453225fafb091') in 0.023484 seconds 
  Import took 0.026161 seconds .

========================================================================
Received Import Request.
  Time since last request: 1.739760 seconds.
  path: Assets/birch_tree.prefab
  artifactKey: Guid(ce107b8e23f24344d9fc57cb5e2a2f8b) Importer(815301076,1909f56bfc062723c751e8b465ee728b)
Start importing Assets/birch_tree.prefab using Guid(ce107b8e23f24344d9fc57cb5e2a2f8b) Importer(815301076,1909f56bfc062723c751e8b465ee728b)  -> (artifact id: 'a5f394d09978a1dc4a15da8d8eb25a60') in 0.026016 seconds 
  Import took 0.028976 seconds .

========================================================================
Received Import Request.
  Time since last request: 19.701338 seconds.
  path: Assets/birch_tree.prefab
  artifactKey: Guid(ce107b8e23f24344d9fc57cb5e2a2f8b) Importer(815301076,1909f56bfc062723c751e8b465ee728b)
Start importing Assets/birch_tree.prefab using Guid(ce107b8e23f24344d9fc57cb5e2a2f8b) Importer(815301076,1909f56bfc062723c751e8b465ee728b)  -> (artifact id: '375ba65e7c38c26a3f0cfb8b63784fa0') in 0.032664 seconds 
  Import took 0.036008 seconds .

========================================================================
Received Import Request.
  Time since last request: 7.660194 seconds.
  path: Assets/birch_tree.prefab
  artifactKey: Guid(ce107b8e23f24344d9fc57cb5e2a2f8b) Importer(815301076,1909f56bfc062723c751e8b465ee728b)
Start importing Assets/birch_tree.prefab using Guid(ce107b8e23f24344d9fc57cb5e2a2f8b) Importer(815301076,1909f56bfc062723c751e8b465ee728b)  -> (artifact id: 'c7cc8f0103b6322100920a047fb6dce7') in 0.027827 seconds 
  Import took 0.031373 seconds .

========================================================================
Received Import Request.
  Time since last request: 9.825942 seconds.
  path: Assets/birch_tree.prefab
  artifactKey: Guid(ce107b8e23f24344d9fc57cb5e2a2f8b) Importer(815301076,1909f56bfc062723c751e8b465ee728b)
Start importing Assets/birch_tree.prefab using Guid(ce107b8e23f24344d9fc57cb5e2a2f8b) Importer(815301076,1909f56bfc062723c751e8b465ee728b)  -> (artifact id: '9116fd0e929bc2442acc6c4ca196e763') in 0.029031 seconds 
  Import took 0.032308 seconds .

========================================================================
Received Import Request.
  Time since last request: 7.873106 seconds.
  path: Assets/birch_tree.prefab
  artifactKey: Guid(ce107b8e23f24344d9fc57cb5e2a2f8b) Importer(815301076,1909f56bfc062723c751e8b465ee728b)
Start importing Assets/birch_tree.prefab using Guid(ce107b8e23f24344d9fc57cb5e2a2f8b) Importer(815301076,1909f56bfc062723c751e8b465ee728b)  -> (artifact id: 'e1fda80a5074aa20df83847602353163') in 0.027398 seconds 
  Import took 0.030621 seconds .

========================================================================
Received Import Request.
  Time since last request: 3.147567 seconds.
  path: Assets/birch_tree.prefab
  artifactKey: Guid(ce107b8e23f24344d9fc57cb5e2a2f8b) Importer(815301076,1909f56bfc062723c751e8b465ee728b)
Start importing Assets/birch_tree.prefab using Guid(ce107b8e23f24344d9fc57cb5e2a2f8b) Importer(815301076,1909f56bfc062723c751e8b465ee728b)  -> (artifact id: '59ce190fc1c7509f09199659c0a9dee0') in 0.025769 seconds 
  Import took 0.028509 seconds .

========================================================================
Received Import Request.
  Time since last request: 11.928567 seconds.
  path: Assets/birch_tree.prefab
  artifactKey: Guid(ce107b8e23f24344d9fc57cb5e2a2f8b) Importer(815301076,1909f56bfc062723c751e8b465ee728b)
Start importing Assets/birch_tree.prefab using Guid(ce107b8e23f24344d9fc57cb5e2a2f8b) Importer(815301076,1909f56bfc062723c751e8b465ee728b)  -> (artifact id: 'd8c8afec0932b9256c05e934fb5ab32a') in 0.031037 seconds 
  Import took 0.034256 seconds .

========================================================================
Received Import Request.
  Time since last request: 2.095185 seconds.
  path: Assets/birch_tree.prefab
  artifactKey: Guid(ce107b8e23f24344d9fc57cb5e2a2f8b) Importer(815301076,1909f56bfc062723c751e8b465ee728b)
Start importing Assets/birch_tree.prefab using Guid(ce107b8e23f24344d9fc57cb5e2a2f8b) Importer(815301076,1909f56bfc062723c751e8b465ee728b)  -> (artifact id: '5d3b272a2e6aa7cdd97f3248cdebf72d') in 0.024989 seconds 
  Import took 0.027848 seconds .

========================================================================
Received Import Request.
  Time since last request: 6.755643 seconds.
  path: Assets/birch_tree.prefab
  artifactKey: Guid(ce107b8e23f24344d9fc57cb5e2a2f8b) Importer(815301076,1909f56bfc062723c751e8b465ee728b)
Start importing Assets/birch_tree.prefab using Guid(ce107b8e23f24344d9fc57cb5e2a2f8b) Importer(815301076,1909f56bfc062723c751e8b465ee728b)  -> (artifact id: 'a59f0c9a08f2a9eede012d095b588e87') in 0.029829 seconds 
  Import took 0.033405 seconds .

========================================================================
Received Import Request.
  Time since last request: 252.148401 seconds.
  path: Assets/tex_birch_leaves.png
  artifactKey: Guid(6b6081b99e362c5458da00f809cd79b6) Importer(815301076,1909f56bfc062723c751e8b465ee728b)
Start importing Assets/tex_birch_leaves.png using Guid(6b6081b99e362c5458da00f809cd79b6) Importer(815301076,1909f56bfc062723c751e8b465ee728b)  -> (artifact id: '6649c5324f4552674d325ca1ae9f69c4') in 0.009600 seconds 
  Import took 0.012414 seconds .

========================================================================
Received Import Request.
  Time since last request: 5.534366 seconds.
  path: Assets/tex_birch_leaves.png
  artifactKey: Guid(6b6081b99e362c5458da00f809cd79b6) Importer(815301076,1909f56bfc062723c751e8b465ee728b)
Start importing Assets/tex_birch_leaves.png using Guid(6b6081b99e362c5458da00f809cd79b6) Importer(815301076,1909f56bfc062723c751e8b465ee728b)  -> (artifact id: 'ac40bdbef2106c02df5c94400a5c9e70') in 0.010549 seconds 
  Import took 0.014148 seconds .

========================================================================
Received Import Request.
  Time since last request: 4.855449 seconds.
  path: Assets/Bark.mat
  artifactKey: Guid(9511f2ce6a82b944f87278c079a2b356) Importer(815301076,1909f56bfc062723c751e8b465ee728b)
Start importing Assets/Bark.mat using Guid(9511f2ce6a82b944f87278c079a2b356) Importer(815301076,1909f56bfc062723c751e8b465ee728b)  -> (artifact id: '476f5e5f7da39958c8880f552de8d524') in 0.009546 seconds 
  Import took 0.012371 seconds .

========================================================================
Received Import Request.
  Time since last request: 0.000150 seconds.
  path: Assets/mat_birch_bark_main.mat
  artifactKey: Guid(18e35407312550a4392b6e0277ba7eb2) Importer(815301076,1909f56bfc062723c751e8b465ee728b)
Start importing Assets/mat_birch_bark_main.mat using Guid(18e35407312550a4392b6e0277ba7eb2) Importer(815301076,1909f56bfc062723c751e8b465ee728b)  -> (artifact id: 'e27fc43ac01f6d431721798f0c7dda29') in 0.010513 seconds 
  Import took 0.013650 seconds .

========================================================================
Received Import Request.
  Time since last request: 0.000157 seconds.
  path: Assets/mat_birch_bark_branch.mat
  artifactKey: Guid(6e862f21713b3024cbe603fef5bac123) Importer(815301076,1909f56bfc062723c751e8b465ee728b)
Start importing Assets/mat_birch_bark_branch.mat using Guid(6e862f21713b3024cbe603fef5bac123) Importer(815301076,1909f56bfc062723c751e8b465ee728b)  -> (artifact id: '1d4ac784897e517c89aca552ea1e6610') in 0.009555 seconds 
  Import took 0.012225 seconds .

========================================================================
Received Import Request.
  Time since last request: 7.653225 seconds.
  path: Assets/mat_birch_leaves.mat
  artifactKey: Guid(4078d9dedc217fd438df34c5d9eeeed5) Importer(815301076,1909f56bfc062723c751e8b465ee728b)
Start importing Assets/mat_birch_leaves.mat using Guid(4078d9dedc217fd438df34c5d9eeeed5) Importer(815301076,1909f56bfc062723c751e8b465ee728b)  -> (artifact id: '303637cd160ed9d134121b4f54a7a461') in 0.012999 seconds 
  Import took 0.016079 seconds .

========================================================================
Received Import Request.
  Time since last request: 4.750740 seconds.
  path: Assets/birch_tree_Textures/diffuse.png
  artifactKey: Guid(602d2e30a3925af41937ffb753bc7a79) Importer(815301076,1909f56bfc062723c751e8b465ee728b)
Start importing Assets/birch_tree_Textures/diffuse.png using Guid(602d2e30a3925af41937ffb753bc7a79) Importer(815301076,1909f56bfc062723c751e8b465ee728b)  -> (artifact id: '452b0fe01bd6b861fcf25c0537881b0e') in 0.009853 seconds 
  Import took 0.012705 seconds .

========================================================================
Received Import Request.
  Time since last request: 0.000172 seconds.
  path: Assets/birch_tree_Textures/translucency_gloss.png
  artifactKey: Guid(816498a54ed50914bad5c9cc67990ea4) Importer(815301076,1909f56bfc062723c751e8b465ee728b)
Start importing Assets/birch_tree_Textures/translucency_gloss.png using Guid(816498a54ed50914bad5c9cc67990ea4) Importer(815301076,1909f56bfc062723c751e8b465ee728b)  -> (artifact id: '173b7e966cbb9481a0435faf535e3e5a') in 0.008822 seconds 
  Import took 0.011738 seconds .

========================================================================
Received Import Request.
  Time since last request: 0.000178 seconds.
  path: Assets/birch_tree_Textures/normal_specular.png
  artifactKey: Guid(5a72bfb5dfa548e40b6177c97679f24a) Importer(815301076,1909f56bfc062723c751e8b465ee728b)
Start importing Assets/birch_tree_Textures/normal_specular.png using Guid(5a72bfb5dfa548e40b6177c97679f24a) Importer(815301076,1909f56bfc062723c751e8b465ee728b)  -> (artifact id: '4894925e337ef4b8bb7bd9707971e1d0') in 0.008020 seconds 
  Import took 0.010931 seconds .

========================================================================
Received Import Request.
  Time since last request: 0.000147 seconds.
  path: Assets/birch_tree_Textures/shadow.png
  artifactKey: Guid(cd6ab85e1f2265a4592d12d5041c6c94) Importer(815301076,1909f56bfc062723c751e8b465ee728b)
Start importing Assets/birch_tree_Textures/shadow.png using Guid(cd6ab85e1f2265a4592d12d5041c6c94) Importer(815301076,1909f56bfc062723c751e8b465ee728b)  -> (artifact id: 'd8e7427b561f3c7c2c60b57043c61f1f') in 0.009798 seconds 
  Import took 0.012611 seconds .

========================================================================
Received Import Request.
  Time since last request: 15.331354 seconds.
  path: Assets/birch_tree.prefab
  artifactKey: Guid(ce107b8e23f24344d9fc57cb5e2a2f8b) Importer(815301076,1909f56bfc062723c751e8b465ee728b)
Start importing Assets/birch_tree.prefab using Guid(ce107b8e23f24344d9fc57cb5e2a2f8b) Importer(815301076,1909f56bfc062723c751e8b465ee728b)  -> (artifact id: '52ea5d85daf07b28bd926ddc27f0f77e') in 0.025226 seconds 
  Import took 0.028041 seconds .

========================================================================
Received Import Request.
  Time since last request: 10.595309 seconds.
  path: Assets/birch_tree.prefab
  artifactKey: Guid(ce107b8e23f24344d9fc57cb5e2a2f8b) Importer(815301076,1909f56bfc062723c751e8b465ee728b)
Start importing Assets/birch_tree.prefab using Guid(ce107b8e23f24344d9fc57cb5e2a2f8b) Importer(815301076,1909f56bfc062723c751e8b465ee728b)  -> (artifact id: '027229a703485ee2991775c57d4b3374') in 0.029660 seconds 
  Import took 0.032643 seconds .

========================================================================
Received Import Request.
  Time since last request: 5.816325 seconds.
  path: Assets/birch_tree.prefab
  artifactKey: Guid(ce107b8e23f24344d9fc57cb5e2a2f8b) Importer(815301076,1909f56bfc062723c751e8b465ee728b)
Start importing Assets/birch_tree.prefab using Guid(ce107b8e23f24344d9fc57cb5e2a2f8b) Importer(815301076,1909f56bfc062723c751e8b465ee728b)  -> (artifact id: 'fe73a8303c18ff1faee2b78b2339932a') in 0.028930 seconds 
  Import took 0.031905 seconds .

========================================================================
Received Import Request.
  Time since last request: 9.176706 seconds.
  path: Assets/birch_tree.prefab
  artifactKey: Guid(ce107b8e23f24344d9fc57cb5e2a2f8b) Importer(815301076,1909f56bfc062723c751e8b465ee728b)
Start importing Assets/birch_tree.prefab using Guid(ce107b8e23f24344d9fc57cb5e2a2f8b) Importer(815301076,1909f56bfc062723c751e8b465ee728b)  -> (artifact id: '9485e872e1b45d66534863885b1856d7') in 0.032740 seconds 
  Import took 0.035546 seconds .

========================================================================
Received Import Request.
  Time since last request: 9.761038 seconds.
  path: Assets/birch_tree.prefab
  artifactKey: Guid(ce107b8e23f24344d9fc57cb5e2a2f8b) Importer(815301076,1909f56bfc062723c751e8b465ee728b)
Start importing Assets/birch_tree.prefab using Guid(ce107b8e23f24344d9fc57cb5e2a2f8b) Importer(815301076,1909f56bfc062723c751e8b465ee728b)  -> (artifact id: '4cd30c7a82706acf800c44607af22229') in 0.027884 seconds 
  Import took 0.030993 seconds .

========================================================================
Received Import Request.
  Time since last request: 8.670327 seconds.
  path: Assets/birch_tree.prefab
  artifactKey: Guid(ce107b8e23f24344d9fc57cb5e2a2f8b) Importer(815301076,1909f56bfc062723c751e8b465ee728b)
Start importing Assets/birch_tree.prefab using Guid(ce107b8e23f24344d9fc57cb5e2a2f8b) Importer(815301076,1909f56bfc062723c751e8b465ee728b)  -> (artifact id: '5aaab16de6a0021d2f9e889c3633cf2b') in 0.034288 seconds 
  Import took 0.037253 seconds .

========================================================================
Received Import Request.
  Time since last request: 13.590904 seconds.
  path: Assets/birch_tree.prefab
  artifactKey: Guid(ce107b8e23f24344d9fc57cb5e2a2f8b) Importer(815301076,1909f56bfc062723c751e8b465ee728b)
Start importing Assets/birch_tree.prefab using Guid(ce107b8e23f24344d9fc57cb5e2a2f8b) Importer(815301076,1909f56bfc062723c751e8b465ee728b)  -> (artifact id: '63a9456f9e3ca93bb3c97af616959af9') in 0.032806 seconds 
  Import took 0.036622 seconds .

========================================================================
Received Import Request.
  Time since last request: 6.720419 seconds.
  path: Assets/birch_tree.prefab
  artifactKey: Guid(ce107b8e23f24344d9fc57cb5e2a2f8b) Importer(815301076,1909f56bfc062723c751e8b465ee728b)
Start importing Assets/birch_tree.prefab using Guid(ce107b8e23f24344d9fc57cb5e2a2f8b) Importer(815301076,1909f56bfc062723c751e8b465ee728b)  -> (artifact id: '900ec02ae815509a0a0567ac6205f352') in 0.027584 seconds 
  Import took 0.031091 seconds .

========================================================================
Received Import Request.
  Time since last request: 3.892190 seconds.
  path: Assets/birch_tree.prefab
  artifactKey: Guid(ce107b8e23f24344d9fc57cb5e2a2f8b) Importer(815301076,1909f56bfc062723c751e8b465ee728b)
Start importing Assets/birch_tree.prefab using Guid(ce107b8e23f24344d9fc57cb5e2a2f8b) Importer(815301076,1909f56bfc062723c751e8b465ee728b)  -> (artifact id: '7f1df0383899fd9ca5e355f37d44db52') in 0.029498 seconds 
  Import took 0.032462 seconds .

========================================================================
Received Import Request.
  Time since last request: 5.555526 seconds.
  path: Assets/birch_tree.prefab
  artifactKey: Guid(ce107b8e23f24344d9fc57cb5e2a2f8b) Importer(815301076,1909f56bfc062723c751e8b465ee728b)
Start importing Assets/birch_tree.prefab using Guid(ce107b8e23f24344d9fc57cb5e2a2f8b) Importer(815301076,1909f56bfc062723c751e8b465ee728b)  -> (artifact id: '7a8b169cd909767b2e0f4d5151a86b39') in 0.030214 seconds 
  Import took 0.032974 seconds .

========================================================================
Received Import Request.
  Time since last request: 5.666075 seconds.
  path: Assets/birch_tree.prefab
  artifactKey: Guid(ce107b8e23f24344d9fc57cb5e2a2f8b) Importer(815301076,1909f56bfc062723c751e8b465ee728b)
Start importing Assets/birch_tree.prefab using Guid(ce107b8e23f24344d9fc57cb5e2a2f8b) Importer(815301076,1909f56bfc062723c751e8b465ee728b)  -> (artifact id: '89bb5f0d2f1e7718afcfa852b270b8b6') in 0.033721 seconds 
  Import took 0.036951 seconds .

========================================================================
Received Import Request.
  Time since last request: 6.759008 seconds.
  path: Assets/birch_tree.prefab
  artifactKey: Guid(ce107b8e23f24344d9fc57cb5e2a2f8b) Importer(815301076,1909f56bfc062723c751e8b465ee728b)
Start importing Assets/birch_tree.prefab using Guid(ce107b8e23f24344d9fc57cb5e2a2f8b) Importer(815301076,1909f56bfc062723c751e8b465ee728b)  -> (artifact id: '06000331381f889bfbf578395a23657f') in 0.029587 seconds 
  Import took 0.032474 seconds .

========================================================================
Received Import Request.
  Time since last request: 8.987962 seconds.
  path: Assets/birch_tree.prefab
  artifactKey: Guid(ce107b8e23f24344d9fc57cb5e2a2f8b) Importer(815301076,1909f56bfc062723c751e8b465ee728b)
Start importing Assets/birch_tree.prefab using Guid(ce107b8e23f24344d9fc57cb5e2a2f8b) Importer(815301076,1909f56bfc062723c751e8b465ee728b)  -> (artifact id: 'e7eb899b3d0551167ae4dc27f52b6417') in 0.027373 seconds 
  Import took 0.029850 seconds .

========================================================================
Received Import Request.
  Time since last request: 34.543822 seconds.
  path: Assets/birch_tree.prefab
  artifactKey: Guid(ce107b8e23f24344d9fc57cb5e2a2f8b) Importer(815301076,1909f56bfc062723c751e8b465ee728b)
Start importing Assets/birch_tree.prefab using Guid(ce107b8e23f24344d9fc57cb5e2a2f8b) Importer(815301076,1909f56bfc062723c751e8b465ee728b)  -> (artifact id: 'a71e00acf64971b6d683fce85e7673fa') in 0.033357 seconds 
  Import took 0.035962 seconds .

========================================================================
Received Import Request.
  Time since last request: 17.149545 seconds.
  path: Assets/birch_tree.prefab
  artifactKey: Guid(ce107b8e23f24344d9fc57cb5e2a2f8b) Importer(815301076,1909f56bfc062723c751e8b465ee728b)
Start importing Assets/birch_tree.prefab using Guid(ce107b8e23f24344d9fc57cb5e2a2f8b) Importer(815301076,1909f56bfc062723c751e8b465ee728b)  -> (artifact id: '4521045c45d95f0aadd53aab7e4942f6') in 0.041373 seconds 
  Import took 0.043772 seconds .

========================================================================
Received Import Request.
  Time since last request: 16.785698 seconds.
  path: Assets/birch_tree.prefab
  artifactKey: Guid(ce107b8e23f24344d9fc57cb5e2a2f8b) Importer(815301076,1909f56bfc062723c751e8b465ee728b)
Start importing Assets/birch_tree.prefab using Guid(ce107b8e23f24344d9fc57cb5e2a2f8b) Importer(815301076,1909f56bfc062723c751e8b465ee728b)  -> (artifact id: '668168132c406531b9a27001033bc4f6') in 0.042701 seconds 
  Import took 0.045403 seconds .

========================================================================
Received Import Request.
  Time since last request: 12.553430 seconds.
  path: Assets/birch_tree.prefab
  artifactKey: Guid(ce107b8e23f24344d9fc57cb5e2a2f8b) Importer(815301076,1909f56bfc062723c751e8b465ee728b)
Start importing Assets/birch_tree.prefab using Guid(ce107b8e23f24344d9fc57cb5e2a2f8b) Importer(815301076,1909f56bfc062723c751e8b465ee728b)  -> (artifact id: '58fb6de7d5b98d8808dc4a16a0e5ab86') in 0.034530 seconds 
  Import took 0.037445 seconds .

========================================================================
Received Import Request.
  Time since last request: 8.923104 seconds.
  path: Assets/birch_tree.prefab
  artifactKey: Guid(ce107b8e23f24344d9fc57cb5e2a2f8b) Importer(815301076,1909f56bfc062723c751e8b465ee728b)
Start importing Assets/birch_tree.prefab using Guid(ce107b8e23f24344d9fc57cb5e2a2f8b) Importer(815301076,1909f56bfc062723c751e8b465ee728b)  -> (artifact id: 'b07e1320d74c80ffa61f57b8ba538336') in 0.031380 seconds 
  Import took 0.034648 seconds .

========================================================================
Received Import Request.
  Time since last request: 2.597155 seconds.
  path: Assets/birch_tree.prefab
  artifactKey: Guid(ce107b8e23f24344d9fc57cb5e2a2f8b) Importer(815301076,1909f56bfc062723c751e8b465ee728b)
Start importing Assets/birch_tree.prefab using Guid(ce107b8e23f24344d9fc57cb5e2a2f8b) Importer(815301076,1909f56bfc062723c751e8b465ee728b)  -> (artifact id: '237d4cce08100b548e0a35b4e27a812e') in 0.025789 seconds 
  Import took 0.028777 seconds .

========================================================================
Received Import Request.
  Time since last request: 3.627400 seconds.
  path: Assets/birch_tree.prefab
  artifactKey: Guid(ce107b8e23f24344d9fc57cb5e2a2f8b) Importer(815301076,1909f56bfc062723c751e8b465ee728b)
Start importing Assets/birch_tree.prefab using Guid(ce107b8e23f24344d9fc57cb5e2a2f8b) Importer(815301076,1909f56bfc062723c751e8b465ee728b)  -> (artifact id: '2ba69f7db44dcf8590d63d7b34ea899f') in 0.031483 seconds 
  Import took 0.034879 seconds .

========================================================================
Received Import Request.
  Time since last request: 4.454568 seconds.
  path: Assets/birch_tree.prefab
  artifactKey: Guid(ce107b8e23f24344d9fc57cb5e2a2f8b) Importer(815301076,1909f56bfc062723c751e8b465ee728b)
Start importing Assets/birch_tree.prefab using Guid(ce107b8e23f24344d9fc57cb5e2a2f8b) Importer(815301076,1909f56bfc062723c751e8b465ee728b)  -> (artifact id: 'ef75183584527ccd98a9d21505226238') in 0.030554 seconds 
  Import took 0.033821 seconds .

========================================================================
Received Import Request.
  Time since last request: 7.866326 seconds.
  path: Assets/birch_tree.prefab
  artifactKey: Guid(ce107b8e23f24344d9fc57cb5e2a2f8b) Importer(815301076,1909f56bfc062723c751e8b465ee728b)
Start importing Assets/birch_tree.prefab using Guid(ce107b8e23f24344d9fc57cb5e2a2f8b) Importer(815301076,1909f56bfc062723c751e8b465ee728b)  -> (artifact id: '70fda49a682bc2081ed3462cfae4c46b') in 0.032369 seconds 
  Import took 0.035280 seconds .

========================================================================
Received Import Request.
  Time since last request: 1.797704 seconds.
  path: Assets/birch_tree.prefab
  artifactKey: Guid(ce107b8e23f24344d9fc57cb5e2a2f8b) Importer(815301076,1909f56bfc062723c751e8b465ee728b)
Start importing Assets/birch_tree.prefab using Guid(ce107b8e23f24344d9fc57cb5e2a2f8b) Importer(815301076,1909f56bfc062723c751e8b465ee728b)  -> (artifact id: '9e31a5ac26f8faf378dd9b928b0c14e5') in 0.031298 seconds 
  Import took 0.034241 seconds .

========================================================================
Received Import Request.
  Time since last request: 12.643973 seconds.
  path: Assets/birch_tree.prefab
  artifactKey: Guid(ce107b8e23f24344d9fc57cb5e2a2f8b) Importer(815301076,1909f56bfc062723c751e8b465ee728b)
Start importing Assets/birch_tree.prefab using Guid(ce107b8e23f24344d9fc57cb5e2a2f8b) Importer(815301076,1909f56bfc062723c751e8b465ee728b)  -> (artifact id: 'f1f788ef071c742b710b92a54ce6f77e') in 0.031896 seconds 
  Import took 0.034986 seconds .

========================================================================
Received Import Request.
  Time since last request: 2.183522 seconds.
  path: Assets/birch_tree.prefab
  artifactKey: Guid(ce107b8e23f24344d9fc57cb5e2a2f8b) Importer(815301076,1909f56bfc062723c751e8b465ee728b)
Start importing Assets/birch_tree.prefab using Guid(ce107b8e23f24344d9fc57cb5e2a2f8b) Importer(815301076,1909f56bfc062723c751e8b465ee728b)  -> (artifact id: '79038cb0b2f35708919b2ba92116b3ea') in 0.025086 seconds 
  Import took 0.027767 seconds .

========================================================================
Received Import Request.
  Time since last request: 3.947694 seconds.
  path: Assets/birch_tree.prefab
  artifactKey: Guid(ce107b8e23f24344d9fc57cb5e2a2f8b) Importer(815301076,1909f56bfc062723c751e8b465ee728b)
Start importing Assets/birch_tree.prefab using Guid(ce107b8e23f24344d9fc57cb5e2a2f8b) Importer(815301076,1909f56bfc062723c751e8b465ee728b)  -> (artifact id: '26d89e1a735bd67c11a81d2f6cf1e2c3') in 0.028981 seconds 
  Import took 0.031989 seconds .

========================================================================
Received Import Request.
  Time since last request: 2.681211 seconds.
  path: Assets/birch_tree.prefab
  artifactKey: Guid(ce107b8e23f24344d9fc57cb5e2a2f8b) Importer(815301076,1909f56bfc062723c751e8b465ee728b)
Start importing Assets/birch_tree.prefab using Guid(ce107b8e23f24344d9fc57cb5e2a2f8b) Importer(815301076,1909f56bfc062723c751e8b465ee728b)  -> (artifact id: '7d2a62fdc7e72b50d989bea347e8eaa8') in 0.027424 seconds 
  Import took 0.030071 seconds .

========================================================================
Received Import Request.
  Time since last request: 3.735150 seconds.
  path: Assets/birch_tree.prefab
  artifactKey: Guid(ce107b8e23f24344d9fc57cb5e2a2f8b) Importer(815301076,1909f56bfc062723c751e8b465ee728b)
Start importing Assets/birch_tree.prefab using Guid(ce107b8e23f24344d9fc57cb5e2a2f8b) Importer(815301076,1909f56bfc062723c751e8b465ee728b)  -> (artifact id: '620fb3938aa9e53bc1d68104e7b5f6b2') in 0.030341 seconds 
  Import took 0.033386 seconds .

========================================================================
Received Import Request.
  Time since last request: 20.019153 seconds.
  path: Assets/birch_tree.prefab
  artifactKey: Guid(ce107b8e23f24344d9fc57cb5e2a2f8b) Importer(815301076,1909f56bfc062723c751e8b465ee728b)
Start importing Assets/birch_tree.prefab using Guid(ce107b8e23f24344d9fc57cb5e2a2f8b) Importer(815301076,1909f56bfc062723c751e8b465ee728b)  -> (artifact id: '834f216bffc85d10464c24197d8affac') in 0.028406 seconds 
  Import took 0.031174 seconds .

========================================================================
Received Import Request.
  Time since last request: 8.756910 seconds.
  path: Assets/birch_tree.prefab
  artifactKey: Guid(ce107b8e23f24344d9fc57cb5e2a2f8b) Importer(815301076,1909f56bfc062723c751e8b465ee728b)
Start importing Assets/birch_tree.prefab using Guid(ce107b8e23f24344d9fc57cb5e2a2f8b) Importer(815301076,1909f56bfc062723c751e8b465ee728b)  -> (artifact id: '8a2821c10e4e1d6ed8a0c23c4c440629') in 0.028912 seconds 
  Import took 0.032884 seconds .

========================================================================
Received Import Request.
  Time since last request: 1.341121 seconds.
  path: Assets/birch_tree.prefab
  artifactKey: Guid(ce107b8e23f24344d9fc57cb5e2a2f8b) Importer(815301076,1909f56bfc062723c751e8b465ee728b)
Start importing Assets/birch_tree.prefab using Guid(ce107b8e23f24344d9fc57cb5e2a2f8b) Importer(815301076,1909f56bfc062723c751e8b465ee728b)  -> (artifact id: '57133f726bfa550f24dbc81a69d2a856') in 0.027385 seconds 
  Import took 0.029889 seconds .

========================================================================
Received Import Request.
  Time since last request: 2.843945 seconds.
  path: Assets/birch_tree.prefab
  artifactKey: Guid(ce107b8e23f24344d9fc57cb5e2a2f8b) Importer(815301076,1909f56bfc062723c751e8b465ee728b)
Start importing Assets/birch_tree.prefab using Guid(ce107b8e23f24344d9fc57cb5e2a2f8b) Importer(815301076,1909f56bfc062723c751e8b465ee728b)  -> (artifact id: '6b388ee86076ef48e788851167c65bb6') in 0.054625 seconds 
  Import took 0.057863 seconds .

========================================================================
Received Import Request.
  Time since last request: 2.408516 seconds.
  path: Assets/birch_tree.prefab
  artifactKey: Guid(ce107b8e23f24344d9fc57cb5e2a2f8b) Importer(815301076,1909f56bfc062723c751e8b465ee728b)
Start importing Assets/birch_tree.prefab using Guid(ce107b8e23f24344d9fc57cb5e2a2f8b) Importer(815301076,1909f56bfc062723c751e8b465ee728b)  -> (artifact id: 'a47852f420e41a4a15bcdfd6a692bb2d') in 0.026779 seconds 
  Import took 0.029814 seconds .

========================================================================
Received Import Request.
  Time since last request: 5.999734 seconds.
  path: Assets/birch_tree.prefab
  artifactKey: Guid(ce107b8e23f24344d9fc57cb5e2a2f8b) Importer(815301076,1909f56bfc062723c751e8b465ee728b)
Start importing Assets/birch_tree.prefab using Guid(ce107b8e23f24344d9fc57cb5e2a2f8b) Importer(815301076,1909f56bfc062723c751e8b465ee728b)  -> (artifact id: 'c6f023a6ffa6dea4cf424cdf7cd78c3c') in 0.031872 seconds 
  Import took 0.034850 seconds .

========================================================================
Received Import Request.
  Time since last request: 10.650828 seconds.
  path: Assets/birch_tree.prefab
  artifactKey: Guid(ce107b8e23f24344d9fc57cb5e2a2f8b) Importer(815301076,1909f56bfc062723c751e8b465ee728b)
Start importing Assets/birch_tree.prefab using Guid(ce107b8e23f24344d9fc57cb5e2a2f8b) Importer(815301076,1909f56bfc062723c751e8b465ee728b)  -> (artifact id: 'ffa39b37c3533a6e1b59bc6c320c7200') in 0.030979 seconds 
  Import took 0.033662 seconds .

========================================================================
Received Import Request.
  Time since last request: 21.753129 seconds.
  path: Assets/mat_birch_leaves.mat
  artifactKey: Guid(4078d9dedc217fd438df34c5d9eeeed5) Importer(815301076,1909f56bfc062723c751e8b465ee728b)
Start importing Assets/mat_birch_leaves.mat using Guid(4078d9dedc217fd438df34c5d9eeeed5) Importer(815301076,1909f56bfc062723c751e8b465ee728b)  -> (artifact id: 'f8357f12fb8e61494cb0537719212701') in 0.011037 seconds 
  Import took 0.014056 seconds .

========================================================================
Received Import Request.
  Time since last request: 4.386489 seconds.
  path: Assets/Tree 2_Textures
  artifactKey: Guid(aec08c1fb758e27488c6390c8258d52c) Importer(815301076,1909f56bfc062723c751e8b465ee728b)
Start importing Assets/Tree 2_Textures using Guid(aec08c1fb758e27488c6390c8258d52c) Importer(815301076,1909f56bfc062723c751e8b465ee728b)  -> (artifact id: 'ab53153216713e68a1bf7ccf68417ff1') in 0.005054 seconds 
  Import took 0.008033 seconds .

========================================================================
Received Import Request.
  Time since last request: 10.854355 seconds.
  path: Assets/Trees
  artifactKey: Guid(d8cea5af83ce0ce44b456b1bca09192b) Importer(815301076,1909f56bfc062723c751e8b465ee728b)
Start importing Assets/Trees using Guid(d8cea5af83ce0ce44b456b1bca09192b) Importer(815301076,1909f56bfc062723c751e8b465ee728b)  -> (artifact id: '30772825c0315a76856289fad4959132') in 0.005658 seconds 
  Import took 0.008597 seconds .

========================================================================
Received Import Request.
  Time since last request: 26.798329 seconds.
  path: Assets/Trees/Tree 1_Textures
  artifactKey: Guid(9a17d0b43159b9c4e930ae5149e98e98) Importer(815301076,1909f56bfc062723c751e8b465ee728b)
Start importing Assets/Trees/Tree 1_Textures using Guid(9a17d0b43159b9c4e930ae5149e98e98) Importer(815301076,1909f56bfc062723c751e8b465ee728b)  -> (artifact id: '40c8db9c24f9d66f5883677dd038f5ff') in 0.005838 seconds 
  Import took 0.009472 seconds .

========================================================================
Received Import Request.
  Time since last request: 19.636772 seconds.
  path: Assets/Textures
  artifactKey: Guid(96fd5898ee5875947a1b58a052f0f381) Importer(815301076,1909f56bfc062723c751e8b465ee728b)
Start importing Assets/Textures using Guid(96fd5898ee5875947a1b58a052f0f381) Importer(815301076,1909f56bfc062723c751e8b465ee728b)  -> (artifact id: '7e48f4e756a9f3bba5c99bb43b164a00') in 0.007078 seconds 
  Import took 0.010047 seconds .

========================================================================
Received Import Request.
  Time since last request: 9.028334 seconds.
  path: Assets/mat_generic_leaves.mat
  artifactKey: Guid(20f44f03563d0c14a831afa3468f16e2) Importer(815301076,1909f56bfc062723c751e8b465ee728b)
Start importing Assets/mat_generic_leaves.mat using Guid(20f44f03563d0c14a831afa3468f16e2) Importer(815301076,1909f56bfc062723c751e8b465ee728b)  -> (artifact id: '5151dde0960b3fe7371d071d45db4977') in 0.010183 seconds 
  Import took 0.012966 seconds .

========================================================================
Received Import Request.
  Time since last request: 6.245556 seconds.
  path: Assets/mat_generic_bark.mat
  artifactKey: Guid(9511f2ce6a82b944f87278c079a2b356) Importer(815301076,1909f56bfc062723c751e8b465ee728b)
Start importing Assets/mat_generic_bark.mat using Guid(9511f2ce6a82b944f87278c079a2b356) Importer(815301076,1909f56bfc062723c751e8b465ee728b)  -> (artifact id: 'fd7574ea921f5e8d5d7b74fb3bbd1f97') in 0.012332 seconds 
  Import took 0.015030 seconds .

========================================================================
Received Import Request.
  Time since last request: 22.268967 seconds.
  path: Assets/tlayer_leaves_and_dirt.terrainlayer
  artifactKey: Guid(56d101e3fad8fce47b4a6bc546379625) Importer(815301076,1909f56bfc062723c751e8b465ee728b)
Start importing Assets/tlayer_leaves_and_dirt.terrainlayer using Guid(56d101e3fad8fce47b4a6bc546379625) Importer(815301076,1909f56bfc062723c751e8b465ee728b)  -> (artifact id: '8e752559444c13db3e09c360d7115b65') in 0.016710 seconds 
  Import took 0.019229 seconds .

========================================================================
Received Import Request.
  Time since last request: 7.630373 seconds.
  path: Assets/tlayer_dense_grass.terrainlayer
  artifactKey: Guid(82515e50a156b434e9d027edbda9c753) Importer(815301076,1909f56bfc062723c751e8b465ee728b)
Start importing Assets/tlayer_dense_grass.terrainlayer using Guid(82515e50a156b434e9d027edbda9c753) Importer(815301076,1909f56bfc062723c751e8b465ee728b)  -> (artifact id: '14a2f5d29327b76beb3d8723f3780d1e') in 0.011191 seconds 
  Import took 0.015179 seconds .

========================================================================
Received Import Request.
  Time since last request: 19.839649 seconds.
  path: Assets/tlayer_dirt.terrainlayer
  artifactKey: Guid(1350344ef5cfc52489a066150f46e3f8) Importer(815301076,1909f56bfc062723c751e8b465ee728b)
Start importing Assets/tlayer_dirt.terrainlayer using Guid(1350344ef5cfc52489a066150f46e3f8) Importer(815301076,1909f56bfc062723c751e8b465ee728b)  -> (artifact id: 'c48fe0c9c5b1cb0c5b65dbaf040a0138') in 0.008398 seconds 
  Import took 0.010995 seconds .

========================================================================
Received Import Request.
  Time since last request: 14.296351 seconds.
  path: Assets/Ter.mat
  artifactKey: Guid(6290ff071e0147a4abcf28276f490752) Importer(815301076,1909f56bfc062723c751e8b465ee728b)
Start importing Assets/Ter.mat using Guid(6290ff071e0147a4abcf28276f490752) Importer(815301076,1909f56bfc062723c751e8b465ee728b)  -> (artifact id: '18053c626d60fb820b192353278425c1') in 0.012312 seconds 
  Import took 0.015954 seconds .

========================================================================
Received Import Request.
  Time since last request: 7.384530 seconds.
  path: Assets/Terrain
  artifactKey: Guid(cc2a67e19c3207941bc07642412d4d42) Importer(815301076,1909f56bfc062723c751e8b465ee728b)
Start importing Assets/Terrain using Guid(cc2a67e19c3207941bc07642412d4d42) Importer(815301076,1909f56bfc062723c751e8b465ee728b)  -> (artifact id: '95562254ae704d28335ef446a2bfd8ff') in 0.006140 seconds 
  Import took 0.009496 seconds .

========================================================================
Received Import Request.
  Time since last request: 9.463523 seconds.
  path: Assets/Terrain/terrain_test.asset
  artifactKey: Guid(52bf3497fa3e2de44a8d72f682980ab2) Importer(815301076,1909f56bfc062723c751e8b465ee728b)
Start importing Assets/Terrain/terrain_test.asset using Guid(52bf3497fa3e2de44a8d72f682980ab2) Importer(815301076,1909f56bfc062723c751e8b465ee728b)  -> (artifact id: '88101c95fc68164d2908d7998d2a1efa') in 0.025859 seconds 
  Import took 0.029448 seconds .

========================================================================
Received Import Request.
  Time since last request: 28.097935 seconds.
  path: Assets/tex_generic_leaves.png
  artifactKey: Guid(aa65d1f8fb6ebee46ae9b355bcfb973c) Importer(815301076,1909f56bfc062723c751e8b465ee728b)
Start importing Assets/tex_generic_leaves.png using Guid(aa65d1f8fb6ebee46ae9b355bcfb973c) Importer(815301076,1909f56bfc062723c751e8b465ee728b)  -> (artifact id: 'b210f36d90dd3754efe2e1e4ba204b0a') in 0.012302 seconds 
  Import took 0.015653 seconds .

========================================================================
Received Import Request.
  Time since last request: 9.640953 seconds.
  path: Assets/birch_tree_Textures
  artifactKey: Guid(8a04b53a02773d34287651a118009d8b) Importer(815301076,1909f56bfc062723c751e8b465ee728b)
Start importing Assets/birch_tree_Textures using Guid(8a04b53a02773d34287651a118009d8b) Importer(815301076,1909f56bfc062723c751e8b465ee728b)  -> (artifact id: 'a6e171f9c9e1b199f247cd5348689dcc') in 0.004686 seconds 
  Import took 0.007160 seconds .

========================================================================
Received Import Request.
  Time since last request: 0.053912 seconds.
  path: Assets/birch_tree_Textures/diffuse.png
  artifactKey: Guid(602d2e30a3925af41937ffb753bc7a79) Importer(815301076,1909f56bfc062723c751e8b465ee728b)
Start importing Assets/birch_tree_Textures/diffuse.png using Guid(602d2e30a3925af41937ffb753bc7a79) Importer(815301076,1909f56bfc062723c751e8b465ee728b)  -> (artifact id: '26341e1420b2f9b42ecd1117cca05303') in 0.007622 seconds 
  Import took 0.010434 seconds .

========================================================================
Received Import Request.
  Time since last request: 0.000133 seconds.
  path: Assets/birch_tree_Textures/translucency_gloss.png
  artifactKey: Guid(816498a54ed50914bad5c9cc67990ea4) Importer(815301076,1909f56bfc062723c751e8b465ee728b)
Start importing Assets/birch_tree_Textures/translucency_gloss.png using Guid(816498a54ed50914bad5c9cc67990ea4) Importer(815301076,1909f56bfc062723c751e8b465ee728b)  -> (artifact id: '2de75fc96397a7b34b68e5ce9d344f28') in 0.008372 seconds 
  Import took 0.010762 seconds .

========================================================================
Received Import Request.
  Time since last request: 0.000152 seconds.
  path: Assets/birch_tree_Textures/normal_specular.png
  artifactKey: Guid(5a72bfb5dfa548e40b6177c97679f24a) Importer(815301076,1909f56bfc062723c751e8b465ee728b)
Start importing Assets/birch_tree_Textures/normal_specular.png using Guid(5a72bfb5dfa548e40b6177c97679f24a) Importer(815301076,1909f56bfc062723c751e8b465ee728b)  -> (artifact id: '967553e10eabc864f58cd1932370181a') in 0.008791 seconds 
  Import took 0.011439 seconds .

========================================================================
Received Import Request.
  Time since last request: 0.000207 seconds.
  path: Assets/birch_tree_Textures/shadow.png
  artifactKey: Guid(cd6ab85e1f2265a4592d12d5041c6c94) Importer(815301076,1909f56bfc062723c751e8b465ee728b)
Start importing Assets/birch_tree_Textures/shadow.png using Guid(cd6ab85e1f2265a4592d12d5041c6c94) Importer(815301076,1909f56bfc062723c751e8b465ee728b)  -> (artifact id: 'bec24d78e4c05c4091b09083654a80e5') in 0.009500 seconds 
  Import took 0.012190 seconds .

========================================================================
Received Import Request.
  Time since last request: 59.607590 seconds.
  path: Assets/Trees/birch_tree.prefab
  artifactKey: Guid(ce107b8e23f24344d9fc57cb5e2a2f8b) Importer(815301076,1909f56bfc062723c751e8b465ee728b)
Start importing Assets/Trees/birch_tree.prefab using Guid(ce107b8e23f24344d9fc57cb5e2a2f8b) Importer(815301076,1909f56bfc062723c751e8b465ee728b)  -> (artifact id: '41758d3810906de519f1364faf9ce6fa') in 0.029025 seconds 
  Import took 0.032724 seconds .

========================================================================
Received Import Request.
  Time since last request: 10.829844 seconds.
  path: Assets/Trees/birch_tree.prefab
  artifactKey: Guid(ce107b8e23f24344d9fc57cb5e2a2f8b) Importer(815301076,1909f56bfc062723c751e8b465ee728b)
Start importing Assets/Trees/birch_tree.prefab using Guid(ce107b8e23f24344d9fc57cb5e2a2f8b) Importer(815301076,1909f56bfc062723c751e8b465ee728b)  -> (artifact id: 'f8d2ac04eb0b3c40a4959165cc9d146f') in 0.032982 seconds 
  Import took 0.037816 seconds .

========================================================================
Received Import Request.
  Time since last request: 13.648314 seconds.
  path: Assets/Trees/birch_tree.prefab
  artifactKey: Guid(ce107b8e23f24344d9fc57cb5e2a2f8b) Importer(815301076,1909f56bfc062723c751e8b465ee728b)
Start importing Assets/Trees/birch_tree.prefab using Guid(ce107b8e23f24344d9fc57cb5e2a2f8b) Importer(815301076,1909f56bfc062723c751e8b465ee728b)  -> (artifact id: 'e8be28d50fa70e725d61e7fb2827a2f4') in 0.034115 seconds 
  Import took 0.037922 seconds .

========================================================================
Received Import Request.
  Time since last request: 11.388767 seconds.
  path: Assets/Trees/birch_tree.prefab
  artifactKey: Guid(ce107b8e23f24344d9fc57cb5e2a2f8b) Importer(815301076,1909f56bfc062723c751e8b465ee728b)
Start importing Assets/Trees/birch_tree.prefab using Guid(ce107b8e23f24344d9fc57cb5e2a2f8b) Importer(815301076,1909f56bfc062723c751e8b465ee728b)  -> (artifact id: 'c024bc437dccda7a7bb6a14bd8bfe024') in 0.024876 seconds 
  Import took 0.027509 seconds .

========================================================================
Received Import Request.
  Time since last request: 2.343404 seconds.
  path: Assets/Trees/birch_tree.prefab
  artifactKey: Guid(ce107b8e23f24344d9fc57cb5e2a2f8b) Importer(815301076,1909f56bfc062723c751e8b465ee728b)
Start importing Assets/Trees/birch_tree.prefab using Guid(ce107b8e23f24344d9fc57cb5e2a2f8b) Importer(815301076,1909f56bfc062723c751e8b465ee728b)  -> (artifact id: '40558e58f40322186bd175b7ba79ca5a') in 0.027390 seconds 
  Import took 0.029903 seconds .

========================================================================
Received Import Request.
  Time since last request: 5.952393 seconds.
  path: Assets/Trees/birch_tree.prefab
  artifactKey: Guid(ce107b8e23f24344d9fc57cb5e2a2f8b) Importer(815301076,1909f56bfc062723c751e8b465ee728b)
Start importing Assets/Trees/birch_tree.prefab using Guid(ce107b8e23f24344d9fc57cb5e2a2f8b) Importer(815301076,1909f56bfc062723c751e8b465ee728b)  -> (artifact id: '6206d83bd9a39a9a6ae23c643744e77a') in 0.033353 seconds 
  Import took 0.036486 seconds .

========================================================================
Received Import Request.
  Time since last request: 23.173976 seconds.
  path: Assets/Modells
  artifactKey: Guid(f6f1f129d13bc4c22ba79d69368f780d) Importer(815301076,1909f56bfc062723c751e8b465ee728b)
Start importing Assets/Modells using Guid(f6f1f129d13bc4c22ba79d69368f780d) Importer(815301076,1909f56bfc062723c751e8b465ee728b)  -> (artifact id: '28adca9bcb43876dfc02b4a5efd5a7cb') in 0.005093 seconds 
  Import took 0.007540 seconds .

========================================================================
Received Import Request.
  Time since last request: 124.328171 seconds.
  path: Assets/Trees/birch_tree.prefab
  artifactKey: Guid(ce107b8e23f24344d9fc57cb5e2a2f8b) Importer(815301076,1909f56bfc062723c751e8b465ee728b)
Start importing Assets/Trees/birch_tree.prefab using Guid(ce107b8e23f24344d9fc57cb5e2a2f8b) Importer(815301076,1909f56bfc062723c751e8b465ee728b)  -> (artifact id: 'b2fbb6e87410ae49ae588efbd958c2d7') in 0.026247 seconds 
  Import took 0.029490 seconds .

========================================================================
Received Import Request.
  Time since last request: 21.931522 seconds.
  path: Assets/Trees/Bush.prefab
  artifactKey: Guid(a208df822aaa6bb4397f9216429509ec) Importer(815301076,1909f56bfc062723c751e8b465ee728b)
Start importing Assets/Trees/Bush.prefab using Guid(a208df822aaa6bb4397f9216429509ec) Importer(815301076,1909f56bfc062723c751e8b465ee728b)  -> (artifact id: '76060bba9246af67c64e5a717f4bd358') in 0.024158 seconds 
  Import took 0.026839 seconds .

========================================================================
Received Import Request.
  Time since last request: 2.199246 seconds.
  path: Assets/Trees/Bush.prefab
  artifactKey: Guid(a208df822aaa6bb4397f9216429509ec) Importer(815301076,1909f56bfc062723c751e8b465ee728b)
Start importing Assets/Trees/Bush.prefab using Guid(a208df822aaa6bb4397f9216429509ec) Importer(815301076,1909f56bfc062723c751e8b465ee728b)  -> (artifact id: '2be655c2446f89235b930d0bc0b07896') in 0.027609 seconds 
  Import took 0.030645 seconds .

========================================================================
Received Import Request.
  Time since last request: 39.128885 seconds.
  path: Assets/Trees/Bush_Textures
  artifactKey: Guid(88df026702259b043abe392a8218b184) Importer(815301076,1909f56bfc062723c751e8b465ee728b)
Start importing Assets/Trees/Bush_Textures using Guid(88df026702259b043abe392a8218b184) Importer(815301076,1909f56bfc062723c751e8b465ee728b)  -> (artifact id: '006061e4a224c1b7d507e734db93c2c1') in 0.005051 seconds 
  Import took 0.007971 seconds .

========================================================================
Received Import Request.
  Time since last request: 0.054364 seconds.
  path: Assets/Trees/Bush_Textures/diffuse.png
  artifactKey: Guid(2fea1e2bfe4a21b4eb03fb8f2568da4f) Importer(815301076,1909f56bfc062723c751e8b465ee728b)
Start importing Assets/Trees/Bush_Textures/diffuse.png using Guid(2fea1e2bfe4a21b4eb03fb8f2568da4f) Importer(815301076,1909f56bfc062723c751e8b465ee728b)  -> (artifact id: 'ffcec30c72701e2c2752f8ae6c86818f') in 0.008440 seconds 
  Import took 0.010927 seconds .

========================================================================
Received Import Request.
  Time since last request: 0.000206 seconds.
  path: Assets/Trees/Bush_Textures/translucency_gloss.png
  artifactKey: Guid(958604d422ef2d541a840ac745a42839) Importer(815301076,1909f56bfc062723c751e8b465ee728b)
Start importing Assets/Trees/Bush_Textures/translucency_gloss.png using Guid(958604d422ef2d541a840ac745a42839) Importer(815301076,1909f56bfc062723c751e8b465ee728b)  -> (artifact id: '13a95ca4ce720b43a5d18014eddc9757') in 0.009930 seconds 
  Import took 0.013198 seconds .

========================================================================
Received Import Request.
  Time since last request: 0.000181 seconds.
  path: Assets/Trees/Bush_Textures/shadow.png
  artifactKey: Guid(7a26b98104529694d94e4679de06d05e) Importer(815301076,1909f56bfc062723c751e8b465ee728b)
Start importing Assets/Trees/Bush_Textures/shadow.png using Guid(7a26b98104529694d94e4679de06d05e) Importer(815301076,1909f56bfc062723c751e8b465ee728b)  -> (artifact id: 'f301d0cf63c32780aaa03ae04dd00bd7') in 0.010172 seconds 
  Import took 0.013066 seconds .

========================================================================
Received Import Request.
  Time since last request: 0.000161 seconds.
  path: Assets/Trees/Bush_Textures/normal_specular.png
  artifactKey: Guid(28bcea8dd75de474c91e635fabc48c85) Importer(815301076,1909f56bfc062723c751e8b465ee728b)
Start importing Assets/Trees/Bush_Textures/normal_specular.png using Guid(28bcea8dd75de474c91e635fabc48c85) Importer(815301076,1909f56bfc062723c751e8b465ee728b)  -> (artifact id: '52bb6bbda345f3f011ac56e5b2f79b2f') in 0.011033 seconds 
  Import took 0.014015 seconds .

========================================================================
Received Import Request.
  Time since last request: 143.715491 seconds.
  path: Assets/PostProcessing.asset
  artifactKey: Guid(864f7ed699992bf4dbc3832a8c90737a) Importer(815301076,1909f56bfc062723c751e8b465ee728b)
Start importing Assets/PostProcessing.asset using Guid(864f7ed699992bf4dbc3832a8c90737a) Importer(815301076,1909f56bfc062723c751e8b465ee728b)  -> (artifact id: '11513f9681dd88f176a29811a795d8bf') in 0.025511 seconds 
  Import took 0.028933 seconds .

========================================================================
Received Import Request.
  Time since last request: 144.501406 seconds.
  path: Assets/PostProcessing.asset
  artifactKey: Guid(864f7ed699992bf4dbc3832a8c90737a) Importer(815301076,1909f56bfc062723c751e8b465ee728b)
Start importing Assets/PostProcessing.asset using Guid(864f7ed699992bf4dbc3832a8c90737a) Importer(815301076,1909f56bfc062723c751e8b465ee728b)  -> (artifact id: '0e8833d3a9192e036fe730a231c55c5c') in 0.002950 seconds 
  Import took 0.005564 seconds .

